{"/home/travis/build/npmtest/node-npmtest-velocity-react/test.js":{"path":"/home/travis/build/npmtest/node-npmtest-velocity-react/test.js","s":{"1":2,"2":2,"3":2,"4":2,"5":2,"6":2,"7":2,"8":1,"9":2,"10":2,"11":1,"12":1,"13":1,"14":1,"15":2,"16":2,"17":2,"18":2,"19":1,"20":1,"21":2,"22":2,"23":2,"24":1,"25":1,"26":1,"27":1,"28":1,"29":1,"30":1,"31":1,"32":1,"33":1,"34":1,"35":1,"36":1,"37":1,"38":1,"39":2,"40":2,"41":1,"42":2,"43":2,"44":1,"45":2,"46":2,"47":1,"48":2,"49":2,"50":1,"51":1,"52":1,"53":1,"54":1},"b":{"1":[2,1,1,1],"2":[1,1,1,1],"3":[1,1],"4":[1,1],"5":[1,1],"6":[1,1],"7":[1,1],"8":[1,1],"9":[1,1],"10":[1,1,1],"11":[1,1],"12":[1,1],"13":[1,1],"14":[1,1],"15":[1,1],"16":[1,1],"17":[1,1]},"f":{"1":2,"2":2,"3":2,"4":2,"5":2,"6":1,"7":1,"8":1,"9":2,"10":2,"11":2,"12":2,"13":1},"fnMap":{"1":{"name":"(anonymous_1)","line":12,"loc":{"start":{"line":12,"column":1},"end":{"line":12,"column":13}}},"2":{"name":"(anonymous_2)","line":19,"loc":{"start":{"line":19,"column":5},"end":{"line":19,"column":17}}},"3":{"name":"(anonymous_3)","line":23,"loc":{"start":{"line":23,"column":24},"end":{"line":23,"column":36}}},"4":{"name":"(anonymous_4)","line":61,"loc":{"start":{"line":61,"column":5},"end":{"line":61,"column":17}}},"5":{"name":"(anonymous_5)","line":82,"loc":{"start":{"line":82,"column":5},"end":{"line":82,"column":17}}},"6":{"name":"(anonymous_6)","line":91,"loc":{"start":{"line":91,"column":77},"end":{"line":94,"column":10}}},"7":{"name":"(anonymous_7)","line":112,"loc":{"start":{"line":112,"column":83},"end":{"line":115,"column":10}},"skip":true},"8":{"name":"(anonymous_8)","line":123,"loc":{"start":{"line":123,"column":77},"end":{"line":126,"column":10}},"skip":true},"9":{"name":"(anonymous_9)","line":139,"loc":{"start":{"line":139,"column":12},"end":{"line":139,"column":40}},"skip":true},"10":{"name":"(anonymous_10)","line":147,"loc":{"start":{"line":147,"column":77},"end":{"line":150,"column":10}},"skip":true},"11":{"name":"(anonymous_11)","line":158,"loc":{"start":{"line":158,"column":83},"end":{"line":161,"column":10}},"skip":true},"12":{"name":"(anonymous_12)","line":169,"loc":{"start":{"line":169,"column":79},"end":{"line":172,"column":10}},"skip":true},"13":{"name":"(anonymous_13)","line":180,"loc":{"start":{"line":180,"column":75},"end":{"line":183,"column":10}},"skip":true}},"statementMap":{"1":{"start":{"line":12,"column":0},"end":{"line":195,"column":5}},"2":{"start":{"line":14,"column":4},"end":{"line":14,"column":14}},"3":{"start":{"line":19,"column":4},"end":{"line":56,"column":9}},"4":{"start":{"line":21,"column":8},"end":{"line":21,"column":19}},"5":{"start":{"line":23,"column":8},"end":{"line":35,"column":13}},"6":{"start":{"line":24,"column":12},"end":{"line":34,"column":13}},"7":{"start":{"line":25,"column":16},"end":{"line":28,"column":30}},"8":{"start":{"line":30,"column":16},"end":{"line":33,"column":27}},"9":{"start":{"line":37,"column":8},"end":{"line":39,"column":21}},"10":{"start":{"line":40,"column":8},"end":{"line":53,"column":9}},"11":{"start":{"line":43,"column":12},"end":{"line":46,"column":14}},"12":{"start":{"line":47,"column":12},"end":{"line":47,"column":18}},"13":{"start":{"line":50,"column":12},"end":{"line":51,"column":46}},"14":{"start":{"line":52,"column":12},"end":{"line":52,"column":18}},"15":{"start":{"line":55,"column":8},"end":{"line":55,"column":35}},"16":{"start":{"line":61,"column":4},"end":{"line":63,"column":9}},"17":{"start":{"line":62,"column":8},"end":{"line":62,"column":15}},"18":{"start":{"line":64,"column":4},"end":{"line":77,"column":5}},"19":{"start":{"line":70,"column":8},"end":{"line":70,"column":14}},"20":{"start":{"line":76,"column":8},"end":{"line":76,"column":14}},"21":{"start":{"line":82,"column":4},"end":{"line":84,"column":9}},"22":{"start":{"line":83,"column":8},"end":{"line":83,"column":15}},"23":{"start":{"line":85,"column":4},"end":{"line":194,"column":5}},"24":{"start":{"line":91,"column":8},"end":{"line":99,"column":10}},"25":{"start":{"line":98,"column":12},"end":{"line":98,"column":35}},"26":{"start":{"line":102,"column":8},"end":{"line":104,"column":63}},"27":{"start":{"line":105,"column":8},"end":{"line":105,"column":14}},"28":{"start":{"line":112,"column":8},"end":{"line":121,"column":10},"skip":true},"29":{"start":{"line":119,"column":12},"end":{"line":119,"column":55},"skip":true},"30":{"start":{"line":120,"column":12},"end":{"line":120,"column":48},"skip":true},"31":{"start":{"line":123,"column":8},"end":{"line":136,"column":10},"skip":true},"32":{"start":{"line":130,"column":12},"end":{"line":130,"column":76},"skip":true},"33":{"start":{"line":131,"column":12},"end":{"line":131,"column":73},"skip":true},"34":{"start":{"line":132,"column":12},"end":{"line":132,"column":74},"skip":true},"35":{"start":{"line":133,"column":12},"end":{"line":133,"column":79},"skip":true},"36":{"start":{"line":134,"column":12},"end":{"line":134,"column":25},"skip":true},"37":{"start":{"line":135,"column":12},"end":{"line":135,"column":45},"skip":true},"38":{"start":{"line":138,"column":8},"end":{"line":145,"column":14},"skip":true},"39":{"start":{"line":143,"column":16},"end":{"line":143,"column":29},"skip":true},"40":{"start":{"line":144,"column":16},"end":{"line":144,"column":55},"skip":true},"41":{"start":{"line":147,"column":8},"end":{"line":156,"column":10},"skip":true},"42":{"start":{"line":154,"column":12},"end":{"line":154,"column":25},"skip":true},"43":{"start":{"line":155,"column":12},"end":{"line":155,"column":45},"skip":true},"44":{"start":{"line":158,"column":8},"end":{"line":167,"column":10},"skip":true},"45":{"start":{"line":165,"column":12},"end":{"line":165,"column":25},"skip":true},"46":{"start":{"line":166,"column":12},"end":{"line":166,"column":48},"skip":true},"47":{"start":{"line":169,"column":8},"end":{"line":178,"column":10},"skip":true},"48":{"start":{"line":176,"column":12},"end":{"line":176,"column":25},"skip":true},"49":{"start":{"line":177,"column":12},"end":{"line":177,"column":46},"skip":true},"50":{"start":{"line":180,"column":8},"end":{"line":189,"column":10},"skip":true},"51":{"start":{"line":187,"column":12},"end":{"line":187,"column":94},"skip":true},"52":{"start":{"line":188,"column":12},"end":{"line":188,"column":48},"skip":true},"53":{"start":{"line":192,"column":8},"end":{"line":192,"column":35},"skip":true},"54":{"start":{"line":193,"column":8},"end":{"line":193,"column":14},"skip":true}},"branchMap":{"1":{"line":25,"type":"binary-expr","locations":[{"start":{"line":25,"column":23},"end":{"line":25,"column":62}},{"start":{"line":26,"column":20},"end":{"line":26,"column":70}},{"start":{"line":27,"column":20},"end":{"line":27,"column":71}},{"start":{"line":28,"column":20},"end":{"line":28,"column":29}}]},"2":{"line":30,"type":"binary-expr","locations":[{"start":{"line":30,"column":23},"end":{"line":30,"column":37}},{"start":{"line":31,"column":20},"end":{"line":31,"column":61}},{"start":{"line":32,"column":20},"end":{"line":32,"column":70}},{"start":{"line":33,"column":20},"end":{"line":33,"column":26}}]},"3":{"line":37,"type":"cond-expr","locations":[{"start":{"line":38,"column":14},"end":{"line":38,"column":20}},{"start":{"line":39,"column":14},"end":{"line":39,"column":20}}]},"4":{"line":40,"type":"switch","locations":[{"start":{"line":42,"column":8},"end":{"line":47,"column":18}},{"start":{"line":49,"column":8},"end":{"line":52,"column":18}}]},"5":{"line":44,"type":"binary-expr","locations":[{"start":{"line":44,"column":16},"end":{"line":44,"column":44}},{"start":{"line":44,"column":48},"end":{"line":44,"column":66}}]},"6":{"line":50,"type":"binary-expr","locations":[{"start":{"line":50,"column":21},"end":{"line":50,"column":49}},{"start":{"line":50,"column":53},"end":{"line":50,"column":72}}]},"7":{"line":64,"type":"switch","locations":[{"start":{"line":69,"column":4},"end":{"line":70,"column":14}},{"start":{"line":75,"column":4},"end":{"line":76,"column":14}}]},"8":{"line":85,"type":"switch","locations":[{"start":{"line":90,"column":4},"end":{"line":105,"column":14}},{"start":{"line":111,"column":4},"end":{"line":193,"column":14},"skip":true}]},"9":{"line":91,"type":"binary-expr","locations":[{"start":{"line":91,"column":42},"end":{"line":91,"column":73}},{"start":{"line":91,"column":77},"end":{"line":99,"column":9}}]},"10":{"line":102,"type":"binary-expr","locations":[{"start":{"line":102,"column":18},"end":{"line":102,"column":32}},{"start":{"line":103,"column":12},"end":{"line":103,"column":53}},{"start":{"line":104,"column":12},"end":{"line":104,"column":61}}]},"11":{"line":112,"type":"binary-expr","locations":[{"start":{"line":112,"column":45},"end":{"line":112,"column":79},"skip":true},{"start":{"line":112,"column":83},"end":{"line":121,"column":9},"skip":true}]},"12":{"line":123,"type":"binary-expr","locations":[{"start":{"line":123,"column":42},"end":{"line":123,"column":73},"skip":true},{"start":{"line":123,"column":77},"end":{"line":136,"column":9},"skip":true}]},"13":{"line":138,"type":"binary-expr","locations":[{"start":{"line":138,"column":48},"end":{"line":138,"column":85},"skip":true},{"start":{"line":139,"column":12},"end":{"line":145,"column":13},"skip":true}]},"14":{"line":147,"type":"binary-expr","locations":[{"start":{"line":147,"column":42},"end":{"line":147,"column":73},"skip":true},{"start":{"line":147,"column":77},"end":{"line":156,"column":9},"skip":true}]},"15":{"line":158,"type":"binary-expr","locations":[{"start":{"line":158,"column":45},"end":{"line":158,"column":79},"skip":true},{"start":{"line":158,"column":83},"end":{"line":167,"column":9},"skip":true}]},"16":{"line":169,"type":"binary-expr","locations":[{"start":{"line":169,"column":43},"end":{"line":169,"column":75},"skip":true},{"start":{"line":169,"column":79},"end":{"line":178,"column":9},"skip":true}]},"17":{"line":180,"type":"binary-expr","locations":[{"start":{"line":180,"column":41},"end":{"line":180,"column":71},"skip":true},{"start":{"line":180,"column":75},"end":{"line":189,"column":9},"skip":true}]}},"code":["/* istanbul instrument in package npmtest_velocity_react */","/*jslint","    bitwise: true,","    browser: true,","    maxerr: 8,","    maxlen: 96,","    node: true,","    nomen: true,","    regexp: true,","    stupid: true","*/","(function () {","    'use strict';","    var local;","","","","    // run shared js-env code - pre-init","    (function () {","        // init local","        local = {};","        // init modeJs","        local.modeJs = (function () {","            try {","                return typeof navigator.userAgent === 'string' &&","                    typeof document.querySelector('body') === 'object' &&","                    typeof XMLHttpRequest.prototype.open === 'function' &&","                    'browser';","            } catch (errorCaughtBrowser) {","                return module.exports &&","                    typeof process.versions.node === 'string' &&","                    typeof require('http').createServer === 'function' &&","                    'node';","            }","        }());","        // init global","        local.global = local.modeJs === 'browser'","            ? window","            : global;","        switch (local.modeJs) {","        // re-init local from window.local","        case 'browser':","            local = local.global.utility2.objectSetDefault(","                local.global.utility2_rollup || local.global.local,","                local.global.utility2","            );","            break;","        // re-init local from example.js","        case 'node':","            local = (local.global.utility2_rollup || require('utility2'))","                .requireExampleJsFromReadme();","            break;","        }","        // export local","        local.global.local = local;","    }());","","","","    // run shared js-env code - function","    (function () {","        return;","    }());","    switch (local.modeJs) {","","","","    // run browser js-env code - function","    case 'browser':","        break;","","","","    // run node js-env code - function","    case 'node':","        break;","    }","","","","    // run shared js-env code - post-init","    (function () {","        return;","    }());","    switch (local.modeJs) {","","","","    // run browser js-env code - post-init","    case 'browser':","        local.testCase_browser_nullCase = local.testCase_browser_nullCase || function (","            options,","            onError","        ) {","        /*","         * this function will test browsers's null-case handling-behavior-behavior","         */","            onError(null, options);","        };","","        // run tests","        local.nop(local.modeTest &&","            document.querySelector('#testRunButton1') &&","            document.querySelector('#testRunButton1').click());","        break;","","","","    // run node js-env code - post-init","    /* istanbul ignore next */","    case 'node':","        local.testCase_buildApidoc_default = local.testCase_buildApidoc_default || function (","            options,","            onError","        ) {","        /*","         * this function will test buildApidoc's default handling-behavior-behavior","         */","            options = { modulePathList: module.paths };","            local.buildApidoc(options, onError);","        };","","        local.testCase_buildApp_default = local.testCase_buildApp_default || function (","            options,","            onError","        ) {","        /*","         * this function will test buildApp's default handling-behavior-behavior","         */","            local.testCase_buildReadme_default(options, local.onErrorThrow);","            local.testCase_buildLib_default(options, local.onErrorThrow);","            local.testCase_buildTest_default(options, local.onErrorThrow);","            local.testCase_buildCustomOrg_default(options, local.onErrorThrow);","            options = [];","            local.buildApp(options, onError);","        };","","        local.testCase_buildCustomOrg_default = local.testCase_buildCustomOrg_default ||","            function (options, onError) {","            /*","             * this function will test buildCustomOrg's default handling-behavior","             */","                options = {};","                local.buildCustomOrg(options, onError);","            };","","        local.testCase_buildLib_default = local.testCase_buildLib_default || function (","            options,","            onError","        ) {","        /*","         * this function will test buildLib's default handling-behavior","         */","            options = {};","            local.buildLib(options, onError);","        };","","        local.testCase_buildReadme_default = local.testCase_buildReadme_default || function (","            options,","            onError","        ) {","        /*","         * this function will test buildReadme's default handling-behavior-behavior","         */","            options = {};","            local.buildReadme(options, onError);","        };","","        local.testCase_buildTest_default = local.testCase_buildTest_default || function (","            options,","            onError","        ) {","        /*","         * this function will test buildTest's default handling-behavior","         */","            options = {};","            local.buildTest(options, onError);","        };","","        local.testCase_webpage_default = local.testCase_webpage_default || function (","            options,","            onError","        ) {","        /*","         * this function will test webpage's default handling-behavior","         */","            options = { modeCoverageMerge: true, url: local.serverLocalHost + '?modeTest=1' };","            local.browserTest(options, onError);","        };","","        // run test-server","        local.testRunServer(local);","        break;","    }","}());",""],"l":{"12":2,"14":2,"19":2,"21":2,"23":2,"24":2,"25":2,"30":1,"37":2,"40":2,"43":1,"47":1,"50":1,"52":1,"55":2,"61":2,"62":2,"64":2,"70":1,"76":1,"82":2,"83":2,"85":2,"91":1,"98":1,"102":1,"105":1,"112":1,"119":1,"120":1,"123":1,"130":1,"131":1,"132":1,"133":1,"134":1,"135":1,"138":1,"143":2,"144":2,"147":1,"154":2,"155":2,"158":1,"165":2,"166":2,"169":1,"176":2,"177":2,"180":1,"187":1,"188":1,"192":1,"193":1}},"/home/travis/build/npmtest/node-npmtest-velocity-react/lib.npmtest_velocity_react.js":{"path":"/home/travis/build/npmtest/node-npmtest-velocity-react/lib.npmtest_velocity_react.js","s":{"1":2,"2":2,"3":2,"4":2,"5":2,"6":2,"7":2,"8":1,"9":2,"10":2,"11":2,"12":2,"13":1,"14":1,"15":1,"16":1},"b":{"1":[2,1,1,1],"2":[1,1,1,1],"3":[1,1],"4":[2,2],"5":[1,1]},"f":{"1":2,"2":2,"3":2},"fnMap":{"1":{"name":"(anonymous_1)","line":12,"loc":{"start":{"line":12,"column":1},"end":{"line":12,"column":13}}},"2":{"name":"(anonymous_2)","line":19,"loc":{"start":{"line":19,"column":5},"end":{"line":19,"column":17}}},"3":{"name":"(anonymous_3)","line":23,"loc":{"start":{"line":23,"column":24},"end":{"line":23,"column":36}}}},"statementMap":{"1":{"start":{"line":12,"column":0},"end":{"line":53,"column":5}},"2":{"start":{"line":14,"column":4},"end":{"line":14,"column":14}},"3":{"start":{"line":19,"column":4},"end":{"line":52,"column":9}},"4":{"start":{"line":21,"column":8},"end":{"line":21,"column":19}},"5":{"start":{"line":23,"column":8},"end":{"line":35,"column":13}},"6":{"start":{"line":24,"column":12},"end":{"line":34,"column":13}},"7":{"start":{"line":25,"column":16},"end":{"line":28,"column":30}},"8":{"start":{"line":30,"column":16},"end":{"line":33,"column":27}},"9":{"start":{"line":37,"column":8},"end":{"line":39,"column":21}},"10":{"start":{"line":41,"column":8},"end":{"line":41,"column":54}},"11":{"start":{"line":43,"column":8},"end":{"line":43,"column":59}},"12":{"start":{"line":45,"column":8},"end":{"line":51,"column":9}},"13":{"start":{"line":46,"column":12},"end":{"line":46,"column":65}},"14":{"start":{"line":48,"column":12},"end":{"line":48,"column":35}},"15":{"start":{"line":49,"column":12},"end":{"line":49,"column":49}},"16":{"start":{"line":50,"column":12},"end":{"line":50,"column":43}}},"branchMap":{"1":{"line":25,"type":"binary-expr","locations":[{"start":{"line":25,"column":23},"end":{"line":25,"column":62}},{"start":{"line":26,"column":20},"end":{"line":26,"column":70}},{"start":{"line":27,"column":20},"end":{"line":27,"column":71}},{"start":{"line":28,"column":20},"end":{"line":28,"column":29}}]},"2":{"line":30,"type":"binary-expr","locations":[{"start":{"line":30,"column":23},"end":{"line":30,"column":37}},{"start":{"line":31,"column":20},"end":{"line":31,"column":61}},{"start":{"line":32,"column":20},"end":{"line":32,"column":70}},{"start":{"line":33,"column":20},"end":{"line":33,"column":26}}]},"3":{"line":37,"type":"cond-expr","locations":[{"start":{"line":38,"column":14},"end":{"line":38,"column":20}},{"start":{"line":39,"column":14},"end":{"line":39,"column":20}}]},"4":{"line":41,"type":"binary-expr","locations":[{"start":{"line":41,"column":16},"end":{"line":41,"column":44}},{"start":{"line":41,"column":48},"end":{"line":41,"column":53}}]},"5":{"line":45,"type":"if","locations":[{"start":{"line":45,"column":8},"end":{"line":45,"column":8}},{"start":{"line":45,"column":8},"end":{"line":45,"column":8}}]}},"code":["/* istanbul instrument in package npmtest_velocity_react */","/*jslint","    bitwise: true,","    browser: true,","    maxerr: 8,","    maxlen: 96,","    node: true,","    nomen: true,","    regexp: true,","    stupid: true","*/","(function () {","    'use strict';","    var local;","","","","    // run shared js-env code - pre-init","    (function () {","        // init local","        local = {};","        // init modeJs","        local.modeJs = (function () {","            try {","                return typeof navigator.userAgent === 'string' &&","                    typeof document.querySelector('body') === 'object' &&","                    typeof XMLHttpRequest.prototype.open === 'function' &&","                    'browser';","            } catch (errorCaughtBrowser) {","                return module.exports &&","                    typeof process.versions.node === 'string' &&","                    typeof require('http').createServer === 'function' &&","                    'node';","            }","        }());","        // init global","        local.global = local.modeJs === 'browser'","            ? window","            : global;","        // init utility2_rollup","        local = local.global.utility2_rollup || local;","        // init lib","        local.local = local.npmtest_velocity_react = local;","        // init exports","        if (local.modeJs === 'browser') {","            local.global.utility2_npmtest_velocity_react = local;","        } else {","            module.exports = local;","            module.exports.__dirname = __dirname;","            module.exports.module = module;","        }","    }());","}());",""],"l":{"12":2,"14":2,"19":2,"21":2,"23":2,"24":2,"25":2,"30":1,"37":2,"41":2,"43":2,"45":2,"46":1,"48":1,"49":1,"50":1}},"/home/travis/build/npmtest/node-npmtest-velocity-react/example.js":{"path":"/home/travis/build/npmtest/node-npmtest-velocity-react/example.js","s":{"1":2,"2":2,"3":2,"4":2,"5":2,"6":2,"7":2,"8":1,"9":2,"10":2,"11":2,"12":2,"13":1,"14":2,"15":2,"16":2,"17":2,"18":2,"19":0,"20":2,"21":1,"22":1,"23":1,"24":1,"25":1,"26":0,"27":0,"28":1,"29":1,"30":2,"31":0,"32":0,"33":0,"34":1,"35":2,"36":2,"37":3,"38":3,"39":3,"40":3,"41":0,"42":3,"43":3,"44":3,"45":1,"46":3,"47":1,"48":1,"49":1,"50":1,"51":1,"52":1,"53":1,"54":1,"55":1,"56":1,"57":0,"58":1,"59":6,"60":6,"61":1,"62":2,"63":0,"64":2,"65":1,"66":1,"67":0,"68":0,"69":0,"70":0,"71":0,"72":0,"73":0,"74":0,"75":0,"76":0,"77":0,"78":0,"79":0,"80":0,"81":0,"82":0,"83":0},"b":{"1":[2,1,1,1],"2":[1,1,1,1],"3":[1,1],"4":[2,2],"5":[1,1],"6":[1,1],"7":[2,0],"8":[2,1,1,1,1,1],"9":[0,2,0],"10":[1,1],"11":[2,1,1],"12":[1,0],"13":[0,2],"14":[2,0,0,0,0,0,0],"15":[0,3],"16":[3,0],"17":[1,1],"18":[0,1],"19":[1,2,0,2],"20":[1,0],"21":[1,1],"22":[0,0],"23":[0,0],"24":[0,0],"25":[0,0],"26":[0,0],"27":[0,0],"28":[0,0]},"f":{"1":2,"2":2,"3":2,"4":2,"5":2,"6":2,"7":3,"8":3,"9":3,"10":1,"11":6,"12":0},"fnMap":{"1":{"name":"(anonymous_1)","line":26,"loc":{"start":{"line":26,"column":1},"end":{"line":26,"column":13}}},"2":{"name":"(anonymous_2)","line":33,"loc":{"start":{"line":33,"column":5},"end":{"line":33,"column":17}}},"3":{"name":"(anonymous_3)","line":37,"loc":{"start":{"line":37,"column":24},"end":{"line":37,"column":36}}},"4":{"name":"(anonymous_4)","line":69,"loc":{"start":{"line":69,"column":31},"end":{"line":69,"column":48}},"skip":true},"5":{"name":"(anonymous_5)","line":78,"loc":{"start":{"line":78,"column":26},"end":{"line":78,"column":45}},"skip":true},"6":{"name":"(anonymous_6)","line":123,"loc":{"start":{"line":123,"column":33},"end":{"line":123,"column":48}},"skip":true},"7":{"name":"(anonymous_7)","line":125,"loc":{"start":{"line":125,"column":27},"end":{"line":125,"column":39}},"skip":true},"8":{"name":"(anonymous_8)","line":133,"loc":{"start":{"line":133,"column":59},"end":{"line":133,"column":74}},"skip":true},"9":{"name":"(anonymous_9)","line":143,"loc":{"start":{"line":143,"column":45},"end":{"line":143,"column":62}},"skip":true},"10":{"name":"(anonymous_10)","line":144,"loc":{"start":{"line":144,"column":73},"end":{"line":144,"column":92}},"skip":true},"11":{"name":"(anonymous_11)","line":272,"loc":{"start":{"line":272,"column":51},"end":{"line":272,"column":77}},"skip":true},"12":{"name":"(anonymous_12)","line":315,"loc":{"start":{"line":315,"column":32},"end":{"line":315,"column":61}},"skip":true}},"statementMap":{"1":{"start":{"line":26,"column":0},"end":{"line":326,"column":5}},"2":{"start":{"line":28,"column":4},"end":{"line":28,"column":14}},"3":{"start":{"line":33,"column":4},"end":{"line":60,"column":9}},"4":{"start":{"line":35,"column":8},"end":{"line":35,"column":19}},"5":{"start":{"line":37,"column":8},"end":{"line":49,"column":13}},"6":{"start":{"line":38,"column":12},"end":{"line":48,"column":13}},"7":{"start":{"line":39,"column":16},"end":{"line":42,"column":30}},"8":{"start":{"line":44,"column":16},"end":{"line":47,"column":27}},"9":{"start":{"line":51,"column":8},"end":{"line":53,"column":21}},"10":{"start":{"line":55,"column":8},"end":{"line":57,"column":45}},"11":{"start":{"line":59,"column":8},"end":{"line":59,"column":35}},"12":{"start":{"line":61,"column":4},"end":{"line":325,"column":5}},"13":{"start":{"line":69,"column":8},"end":{"line":121,"column":10},"skip":true},"14":{"start":{"line":70,"column":12},"end":{"line":88,"column":13},"skip":true},"15":{"start":{"line":76,"column":16},"end":{"line":87,"column":19},"skip":true},"16":{"start":{"line":79,"column":20},"end":{"line":86,"column":21},"skip":true},"17":{"start":{"line":82,"column":24},"end":{"line":82,"column":43},"skip":true},"18":{"start":{"line":83,"column":24},"end":{"line":83,"column":30},"skip":true},"19":{"start":{"line":85,"column":24},"end":{"line":85,"column":49},"skip":true},"20":{"start":{"line":89,"column":12},"end":{"line":107,"column":13},"skip":true},"21":{"start":{"line":92,"column":16},"end":{"line":102,"column":17},"skip":true},"22":{"start":{"line":93,"column":20},"end":{"line":93,"column":86},"skip":true},"23":{"start":{"line":94,"column":20},"end":{"line":95,"column":45},"skip":true},"24":{"start":{"line":96,"column":20},"end":{"line":96,"column":42},"skip":true},"25":{"start":{"line":97,"column":20},"end":{"line":97,"column":48},"skip":true},"26":{"start":{"line":100,"column":20},"end":{"line":100,"column":85},"skip":true},"27":{"start":{"line":101,"column":20},"end":{"line":101,"column":96},"skip":true},"28":{"start":{"line":103,"column":16},"end":{"line":103,"column":22},"skip":true},"29":{"start":{"line":106,"column":16},"end":{"line":106,"column":22},"skip":true},"30":{"start":{"line":108,"column":12},"end":{"line":120,"column":13},"skip":true},"31":{"start":{"line":114,"column":16},"end":{"line":119,"column":17},"skip":true},"32":{"start":{"line":116,"column":20},"end":{"line":116,"column":78},"skip":true},"33":{"start":{"line":118,"column":20},"end":{"line":118,"column":47},"skip":true},"34":{"start":{"line":123,"column":8},"end":{"line":141,"column":11},"skip":true},"35":{"start":{"line":124,"column":12},"end":{"line":124,"column":54},"skip":true},"36":{"start":{"line":125,"column":12},"end":{"line":140,"column":14},"skip":true},"37":{"start":{"line":126,"column":16},"end":{"line":126,"column":28},"skip":true},"38":{"start":{"line":127,"column":16},"end":{"line":127,"column":69},"skip":true},"39":{"start":{"line":128,"column":16},"end":{"line":128,"column":75},"skip":true},"40":{"start":{"line":129,"column":16},"end":{"line":131,"column":17},"skip":true},"41":{"start":{"line":130,"column":20},"end":{"line":130,"column":27},"skip":true},"42":{"start":{"line":133,"column":16},"end":{"line":137,"column":36},"skip":true},"43":{"start":{"line":134,"column":20},"end":{"line":136,"column":55},"skip":true},"44":{"start":{"line":139,"column":16},"end":{"line":139,"column":57},"skip":true},"45":{"start":{"line":143,"column":8},"end":{"line":147,"column":11},"skip":true},"46":{"start":{"line":144,"column":12},"end":{"line":146,"column":15},"skip":true},"47":{"start":{"line":145,"column":16},"end":{"line":145,"column":70},"skip":true},"48":{"start":{"line":149,"column":8},"end":{"line":149,"column":31},"skip":true},"49":{"start":{"line":150,"column":8},"end":{"line":150,"column":14},"skip":true},"50":{"start":{"line":158,"column":8},"end":{"line":158,"column":31},"skip":true},"51":{"start":{"line":160,"column":8},"end":{"line":160,"column":33},"skip":true},"52":{"start":{"line":161,"column":8},"end":{"line":161,"column":37},"skip":true},"53":{"start":{"line":162,"column":8},"end":{"line":162,"column":35},"skip":true},"54":{"start":{"line":164,"column":8},"end":{"line":164,"column":50},"skip":true},"55":{"start":{"line":166,"column":8},"end":{"line":256,"column":2},"skip":true},"56":{"start":{"line":258,"column":8},"end":{"line":286,"column":9},"skip":true},"57":{"start":{"line":259,"column":12},"end":{"line":269,"column":14},"skip":true},"58":{"start":{"line":271,"column":12},"end":{"line":285,"column":19},"skip":true},"59":{"start":{"line":274,"column":20},"end":{"line":274,"column":35},"skip":true},"60":{"start":{"line":275,"column":20},"end":{"line":284,"column":21},"skip":true},"61":{"start":{"line":277,"column":24},"end":{"line":277,"column":64},"skip":true},"62":{"start":{"line":279,"column":24},"end":{"line":279,"column":40},"skip":true},"63":{"start":{"line":281,"column":24},"end":{"line":281,"column":40},"skip":true},"64":{"start":{"line":283,"column":24},"end":{"line":283,"column":39},"skip":true},"65":{"start":{"line":288,"column":8},"end":{"line":290,"column":9},"skip":true},"66":{"start":{"line":289,"column":12},"end":{"line":289,"column":18},"skip":true},"67":{"start":{"line":291,"column":8},"end":{"line":293,"column":54},"skip":true},"68":{"start":{"line":296,"column":8},"end":{"line":301,"column":37},"skip":true},"69":{"start":{"line":303,"column":8},"end":{"line":303,"column":82},"skip":true},"70":{"start":{"line":306,"column":8},"end":{"line":308,"column":9},"skip":true},"71":{"start":{"line":307,"column":12},"end":{"line":307,"column":82},"skip":true},"72":{"start":{"line":310,"column":8},"end":{"line":312,"column":9},"skip":true},"73":{"start":{"line":311,"column":12},"end":{"line":311,"column":18},"skip":true},"74":{"start":{"line":313,"column":8},"end":{"line":313,"column":54},"skip":true},"75":{"start":{"line":314,"column":8},"end":{"line":314,"column":69},"skip":true},"76":{"start":{"line":315,"column":8},"end":{"line":323,"column":36},"skip":true},"77":{"start":{"line":316,"column":12},"end":{"line":316,"column":61},"skip":true},"78":{"start":{"line":317,"column":12},"end":{"line":320,"column":13},"skip":true},"79":{"start":{"line":318,"column":16},"end":{"line":318,"column":75},"skip":true},"80":{"start":{"line":319,"column":16},"end":{"line":319,"column":23},"skip":true},"81":{"start":{"line":321,"column":12},"end":{"line":321,"column":38},"skip":true},"82":{"start":{"line":322,"column":12},"end":{"line":322,"column":27},"skip":true},"83":{"start":{"line":324,"column":8},"end":{"line":324,"column":14},"skip":true}},"branchMap":{"1":{"line":39,"type":"binary-expr","locations":[{"start":{"line":39,"column":23},"end":{"line":39,"column":62}},{"start":{"line":40,"column":20},"end":{"line":40,"column":70}},{"start":{"line":41,"column":20},"end":{"line":41,"column":71}},{"start":{"line":42,"column":20},"end":{"line":42,"column":29}}]},"2":{"line":44,"type":"binary-expr","locations":[{"start":{"line":44,"column":23},"end":{"line":44,"column":37}},{"start":{"line":45,"column":20},"end":{"line":45,"column":61}},{"start":{"line":46,"column":20},"end":{"line":46,"column":70}},{"start":{"line":47,"column":20},"end":{"line":47,"column":26}}]},"3":{"line":51,"type":"cond-expr","locations":[{"start":{"line":52,"column":14},"end":{"line":52,"column":20}},{"start":{"line":53,"column":14},"end":{"line":53,"column":20}}]},"4":{"line":55,"type":"binary-expr","locations":[{"start":{"line":55,"column":16},"end":{"line":55,"column":44}},{"start":{"line":55,"column":49},"end":{"line":57,"column":43}}]},"5":{"line":55,"type":"cond-expr","locations":[{"start":{"line":56,"column":14},"end":{"line":56,"column":58}},{"start":{"line":57,"column":14},"end":{"line":57,"column":43}}]},"6":{"line":61,"type":"switch","locations":[{"start":{"line":68,"column":4},"end":{"line":150,"column":14},"skip":true},{"start":{"line":156,"column":4},"end":{"line":324,"column":14},"skip":true}]},"7":{"line":70,"type":"if","locations":[{"start":{"line":70,"column":12},"end":{"line":70,"column":12},"skip":true},{"start":{"line":70,"column":12},"end":{"line":70,"column":12},"skip":true}]},"8":{"line":70,"type":"binary-expr","locations":[{"start":{"line":70,"column":16},"end":{"line":70,"column":22},"skip":true},{"start":{"line":70,"column":27},"end":{"line":70,"column":32},"skip":true},{"start":{"line":71,"column":20},"end":{"line":71,"column":39},"skip":true},{"start":{"line":72,"column":20},"end":{"line":72,"column":49},"skip":true},{"start":{"line":73,"column":20},"end":{"line":73,"column":58},"skip":true},{"start":{"line":74,"column":20},"end":{"line":74,"column":69},"skip":true}]},"9":{"line":79,"type":"switch","locations":[{"start":{"line":80,"column":20},"end":{"line":80,"column":33},"skip":true},{"start":{"line":81,"column":20},"end":{"line":83,"column":30},"skip":true},{"start":{"line":84,"column":20},"end":{"line":85,"column":49},"skip":true}]},"10":{"line":89,"type":"switch","locations":[{"start":{"line":90,"column":12},"end":{"line":103,"column":22},"skip":true},{"start":{"line":105,"column":12},"end":{"line":106,"column":22},"skip":true}]},"11":{"line":89,"type":"binary-expr","locations":[{"start":{"line":89,"column":20},"end":{"line":89,"column":25},"skip":true},{"start":{"line":89,"column":29},"end":{"line":89,"column":48},"skip":true},{"start":{"line":89,"column":52},"end":{"line":89,"column":74},"skip":true}]},"12":{"line":92,"type":"if","locations":[{"start":{"line":92,"column":16},"end":{"line":92,"column":16},"skip":true},{"start":{"line":92,"column":16},"end":{"line":92,"column":16},"skip":true}]},"13":{"line":108,"type":"if","locations":[{"start":{"line":108,"column":12},"end":{"line":108,"column":12},"skip":true},{"start":{"line":108,"column":12},"end":{"line":108,"column":12},"skip":true}]},"14":{"line":108,"type":"binary-expr","locations":[{"start":{"line":108,"column":16},"end":{"line":108,"column":61},"skip":true},{"start":{"line":108,"column":66},"end":{"line":108,"column":72},"skip":true},{"start":{"line":108,"column":77},"end":{"line":108,"column":82},"skip":true},{"start":{"line":109,"column":20},"end":{"line":109,"column":39},"skip":true},{"start":{"line":110,"column":20},"end":{"line":110,"column":49},"skip":true},{"start":{"line":111,"column":20},"end":{"line":111,"column":58},"skip":true},{"start":{"line":112,"column":20},"end":{"line":112,"column":68},"skip":true}]},"15":{"line":129,"type":"if","locations":[{"start":{"line":129,"column":16},"end":{"line":129,"column":16},"skip":true},{"start":{"line":129,"column":16},"end":{"line":129,"column":16},"skip":true}]},"16":{"line":134,"type":"cond-expr","locations":[{"start":{"line":135,"column":26},"end":{"line":135,"column":29},"skip":true},{"start":{"line":136,"column":26},"end":{"line":136,"column":54},"skip":true}]},"17":{"line":164,"type":"binary-expr","locations":[{"start":{"line":164,"column":27},"end":{"line":164,"column":43},"skip":true},{"start":{"line":164,"column":47},"end":{"line":164,"column":49},"skip":true}]},"18":{"line":258,"type":"if","locations":[{"start":{"line":258,"column":8},"end":{"line":258,"column":8},"skip":true},{"start":{"line":258,"column":8},"end":{"line":258,"column":8},"skip":true}]},"19":{"line":275,"type":"switch","locations":[{"start":{"line":276,"column":20},"end":{"line":277,"column":64},"skip":true},{"start":{"line":278,"column":20},"end":{"line":279,"column":40},"skip":true},{"start":{"line":280,"column":20},"end":{"line":281,"column":40},"skip":true},{"start":{"line":282,"column":20},"end":{"line":283,"column":39},"skip":true}]},"20":{"line":288,"type":"if","locations":[{"start":{"line":288,"column":8},"end":{"line":288,"column":8},"skip":true},{"start":{"line":288,"column":8},"end":{"line":288,"column":8},"skip":true}]},"21":{"line":288,"type":"binary-expr","locations":[{"start":{"line":288,"column":12},"end":{"line":288,"column":40},"skip":true},{"start":{"line":288,"column":44},"end":{"line":288,"column":67},"skip":true}]},"22":{"line":292,"type":"binary-expr","locations":[{"start":{"line":292,"column":12},"end":{"line":292,"column":50},"skip":true},{"start":{"line":293,"column":12},"end":{"line":293,"column":53},"skip":true}]},"23":{"line":297,"type":"binary-expr","locations":[{"start":{"line":297,"column":12},"end":{"line":297,"column":72},"skip":true},{"start":{"line":298,"column":12},"end":{"line":301,"column":36},"skip":true}]},"24":{"line":303,"type":"binary-expr","locations":[{"start":{"line":303,"column":43},"end":{"line":303,"column":75},"skip":true},{"start":{"line":303,"column":79},"end":{"line":303,"column":81},"skip":true}]},"25":{"line":306,"type":"if","locations":[{"start":{"line":306,"column":8},"end":{"line":306,"column":8},"skip":true},{"start":{"line":306,"column":8},"end":{"line":306,"column":8},"skip":true}]},"26":{"line":310,"type":"if","locations":[{"start":{"line":310,"column":8},"end":{"line":310,"column":8},"skip":true},{"start":{"line":310,"column":8},"end":{"line":310,"column":8},"skip":true}]},"27":{"line":313,"type":"binary-expr","locations":[{"start":{"line":313,"column":27},"end":{"line":313,"column":43},"skip":true},{"start":{"line":313,"column":47},"end":{"line":313,"column":53},"skip":true}]},"28":{"line":317,"type":"if","locations":[{"start":{"line":317,"column":12},"end":{"line":317,"column":12},"skip":true},{"start":{"line":317,"column":12},"end":{"line":317,"column":12},"skip":true}]}},"code":["/*","example.js","","quickstart example","","instruction","    1. save this script as example.js","    2. run the shell command:","        $ npm install npmtest-velocity-react && PORT=8081 node example.js","    3. play with the browser-demo on http://127.0.0.1:8081","*/","","","","/* istanbul instrument in package npmtest_velocity_react */","/*jslint","    bitwise: true,","    browser: true,","    maxerr: 8,","    maxlen: 96,","    node: true,","    nomen: true,","    regexp: true,","    stupid: true","*/","(function () {","    'use strict';","    var local;","","","","    // run shared js-env code - pre-init","    (function () {","        // init local","        local = {};","        // init modeJs","        local.modeJs = (function () {","            try {","                return typeof navigator.userAgent === 'string' &&","                    typeof document.querySelector('body') === 'object' &&","                    typeof XMLHttpRequest.prototype.open === 'function' &&","                    'browser';","            } catch (errorCaughtBrowser) {","                return module.exports &&","                    typeof process.versions.node === 'string' &&","                    typeof require('http').createServer === 'function' &&","                    'node';","            }","        }());","        // init global","        local.global = local.modeJs === 'browser'","            ? window","            : global;","        // init utility2_rollup","        local = local.global.utility2_rollup || (local.modeJs === 'browser'","            ? local.global.utility2_npmtest_velocity_react","            : global.utility2_moduleExports);","        // export local","        local.global.local = local;","    }());","    switch (local.modeJs) {","","","","    // post-init","    // run browser js-env code - post-init","    /* istanbul ignore next */","    case 'browser':","        local.testRunBrowser = function (event) {","            if (!event || (event &&","                    event.currentTarget &&","                    event.currentTarget.className &&","                    event.currentTarget.className.includes &&","                    event.currentTarget.className.includes('onreset'))) {","                // reset output","                Array.from(","                    document.querySelectorAll('body > .resettable')","                ).forEach(function (element) {","                    switch (element.tagName) {","                    case 'INPUT':","                    case 'TEXTAREA':","                        element.value = '';","                        break;","                    default:","                        element.textContent = '';","                    }","                });","            }","            switch (event && event.currentTarget && event.currentTarget.id) {","            case 'testRunButton1':","                // show tests","                if (document.querySelector('#testReportDiv1').style.display === 'none') {","                    document.querySelector('#testReportDiv1').style.display = 'block';","                    document.querySelector('#testRunButton1').textContent =","                        'hide internal test';","                    local.modeTest = true;","                    local.testRunDefault(local);","                // hide tests","                } else {","                    document.querySelector('#testReportDiv1').style.display = 'none';","                    document.querySelector('#testRunButton1').textContent = 'run internal test';","                }","                break;","            // custom-case","            default:","                break;","            }","            if (document.querySelector('#inputTextareaEval1') && (!event || (event &&","                    event.currentTarget &&","                    event.currentTarget.className &&","                    event.currentTarget.className.includes &&","                    event.currentTarget.className.includes('oneval')))) {","                // try to eval input-code","                try {","                    /*jslint evil: true*/","                    eval(document.querySelector('#inputTextareaEval1').value);","                } catch (errorCaught) {","                    console.error(errorCaught);","                }","            }","        };","        // log stderr and stdout to #outputTextareaStdout1","        ['error', 'log'].forEach(function (key) {","            console[key + '_original'] = console[key];","            console[key] = function () {","                var element;","                console[key + '_original'].apply(console, arguments);","                element = document.querySelector('#outputTextareaStdout1');","                if (!element) {","                    return;","                }","                // append text to #outputTextareaStdout1","                element.value += Array.from(arguments).map(function (arg) {","                    return typeof arg === 'string'","                        ? arg","                        : JSON.stringify(arg, null, 4);","                }).join(' ') + '\\n';","                // scroll textarea to bottom","                element.scrollTop = element.scrollHeight;","            };","        });","        // init event-handling","        ['change', 'click', 'keyup'].forEach(function (event) {","            Array.from(document.querySelectorAll('.on' + event)).forEach(function (element) {","                element.addEventListener(event, local.testRunBrowser);","            });","        });","        // run tests","        local.testRunBrowser();","        break;","","","","    // run node js-env code - post-init","    /* istanbul ignore next */","    case 'node':","        // export local","        module.exports = local;","        // require modules","        local.fs = require('fs');","        local.http = require('http');","        local.url = require('url');","        // init assets","        local.assetsDict = local.assetsDict || {};","        /* jslint-ignore-begin */","        local.assetsDict['/assets.index.template.html'] = '\\","<!doctype html>\\n\\","<html lang=\"en\">\\n\\","<head>\\n\\","<meta charset=\"UTF-8\">\\n\\","<meta name=\"viewport\" content=\"width=device-width, initial-scale=1\">\\n\\","<title>{{env.npm_package_name}} (v{{env.npm_package_version}})</title>\\n\\","<style>\\n\\","/*csslint\\n\\","    box-sizing: false,\\n\\","    universal-selector: false\\n\\","*/\\n\\","* {\\n\\","    box-sizing: border-box;\\n\\","}\\n\\","body {\\n\\","    background: #dde;\\n\\","    font-family: Arial, Helvetica, sans-serif;\\n\\","    margin: 2rem;\\n\\","}\\n\\","body > * {\\n\\","    margin-bottom: 1rem;\\n\\","}\\n\\",".utility2FooterDiv {\\n\\","    margin-top: 20px;\\n\\","    text-align: center;\\n\\","}\\n\\","</style>\\n\\","<style>\\n\\","/*csslint\\n\\","*/\\n\\","textarea {\\n\\","    font-family: monospace;\\n\\","    height: 10rem;\\n\\","    width: 100%;\\n\\","}\\n\\","textarea[readonly] {\\n\\","    background: #ddd;\\n\\","}\\n\\","</style>\\n\\","</head>\\n\\","<body>\\n\\","<!-- utility2-comment\\n\\","<div id=\"ajaxProgressDiv1\" style=\"background: #d00; height: 2px; left: 0; margin: 0; padding: 0; position: fixed; top: 0; transition: background 0.5s, width 1.5s; width: 25%;\"></div>\\n\\","utility2-comment -->\\n\\","<h1>\\n\\","<!-- utility2-comment\\n\\","    <a\\n\\","        {{#if env.npm_package_homepage}}\\n\\","        href=\"{{env.npm_package_homepage}}\"\\n\\","        {{/if env.npm_package_homepage}}\\n\\","        target=\"_blank\"\\n\\","    >\\n\\","utility2-comment -->\\n\\","        {{env.npm_package_name}} (v{{env.npm_package_version}})\\n\\","<!-- utility2-comment\\n\\","    </a>\\n\\","utility2-comment -->\\n\\","</h1>\\n\\","<h3>{{env.npm_package_description}}</h3>\\n\\","<!-- utility2-comment\\n\\","<h4><a download href=\"assets.app.js\">download standalone app</a></h4>\\n\\","<button class=\"onclick onreset\" id=\"testRunButton1\">run internal test</button><br>\\n\\","<div id=\"testReportDiv1\" style=\"display: none;\"></div>\\n\\","utility2-comment -->\\n\\","\\n\\","\\n\\","\\n\\","<label>stderr and stdout</label>\\n\\","<textarea class=\"resettable\" id=\"outputTextareaStdout1\" readonly></textarea>\\n\\","<!-- utility2-comment\\n\\","{{#if isRollup}}\\n\\","<script src=\"assets.app.js\"></script>\\n\\","{{#unless isRollup}}\\n\\","utility2-comment -->\\n\\","<script src=\"assets.utility2.rollup.js\"></script>\\n\\","<script src=\"jsonp.utility2._stateInit?callback=window.utility2._stateInit\"></script>\\n\\","<script src=\"assets.npmtest_velocity_react.rollup.js\"></script>\\n\\","<script src=\"assets.example.js\"></script>\\n\\","<script src=\"assets.test.js\"></script>\\n\\","<!-- utility2-comment\\n\\","{{/if isRollup}}\\n\\","utility2-comment -->\\n\\","<div class=\"utility2FooterDiv\">\\n\\","    [ this app was created with\\n\\","    <a href=\"https://github.com/kaizhu256/node-utility2\" target=\"_blank\">utility2</a>\\n\\","    ]\\n\\","</div>\\n\\","</body>\\n\\","</html>\\n\\","';","        /* jslint-ignore-end */","        if (local.templateRender) {","            local.assetsDict['/'] = local.templateRender(","                local.assetsDict['/assets.index.template.html'],","                {","                    env: local.objectSetDefault(local.env, {","                        npm_package_description: 'the greatest app in the world!',","                        npm_package_name: 'my-app',","                        npm_package_nameAlias: 'my_app',","                        npm_package_version: '0.0.1'","                    })","                }","            );","        } else {","            local.assetsDict['/'] = local.assetsDict['/assets.index.template.html']","                .replace((/\\{\\{env\\.(\\w+?)\\}\\}/g), function (match0, match1) {","                    // jslint-hack","                    String(match0);","                    switch (match1) {","                    case 'npm_package_description':","                        return 'the greatest app in the world!';","                    case 'npm_package_name':","                        return 'my-app';","                    case 'npm_package_nameAlias':","                        return 'my_app';","                    case 'npm_package_version':","                        return '0.0.1';","                    }","                });","        }","        // run the cli","        if (local.global.utility2_rollup || module !== require.main) {","            break;","        }","        local.assetsDict['/assets.example.js'] =","            local.assetsDict['/assets.example.js'] ||","            local.fs.readFileSync(__filename, 'utf8');","        // bug-workaround - long $npm_package_buildCustomOrg","        /* jslint-ignore-begin */","        local.assetsDict['/assets.npmtest_velocity_react.rollup.js'] =","            local.assetsDict['/assets.npmtest_velocity_react.rollup.js'] ||","            local.fs.readFileSync(","                local.npmtest_velocity_react.__dirname + '/lib.npmtest_velocity_react.js',","                'utf8'","            ).replace((/^#!/), '//');","        /* jslint-ignore-end */","        local.assetsDict['/favicon.ico'] = local.assetsDict['/favicon.ico'] || '';","        // if $npm_config_timeout_exit exists,","        // then exit this process after $npm_config_timeout_exit ms","        if (Number(process.env.npm_config_timeout_exit)) {","            setTimeout(process.exit, Number(process.env.npm_config_timeout_exit));","        }","        // start server","        if (local.global.utility2_serverHttp1) {","            break;","        }","        process.env.PORT = process.env.PORT || '8081';","        console.error('server starting on port ' + process.env.PORT);","        local.http.createServer(function (request, response) {","            request.urlParsed = local.url.parse(request.url);","            if (local.assetsDict[request.urlParsed.pathname] !== undefined) {","                response.end(local.assetsDict[request.urlParsed.pathname]);","                return;","            }","            response.statusCode = 404;","            response.end();","        }).listen(process.env.PORT);","        break;","    }","}());",""],"l":{"26":2,"28":2,"33":2,"35":2,"37":2,"38":2,"39":2,"44":1,"51":2,"55":2,"59":2,"61":2,"69":1,"70":2,"76":2,"79":2,"82":2,"83":2,"85":1,"89":2,"92":1,"93":1,"94":1,"96":1,"97":1,"100":1,"101":1,"103":1,"106":1,"108":2,"114":1,"116":1,"118":1,"123":1,"124":2,"125":2,"126":3,"127":3,"128":3,"129":3,"130":1,"133":3,"134":3,"139":3,"143":1,"144":3,"145":1,"149":1,"150":1,"158":1,"160":1,"161":1,"162":1,"164":1,"166":1,"258":1,"259":1,"271":1,"274":6,"275":6,"277":1,"279":2,"281":1,"283":2,"288":1,"289":1,"291":1,"296":1,"303":1,"306":1,"307":1,"310":1,"311":1,"313":1,"314":1,"315":1,"316":1,"317":1,"318":1,"319":1,"321":1,"322":1,"324":1}},"/home/travis/build/npmtest/node-npmtest-velocity-react/node_modules/velocity-react/index.js":{"path":"/home/travis/build/npmtest/node-npmtest-velocity-react/node_modules/velocity-react/index.js","s":{"1":1},"b":{},"f":{},"fnMap":{},"statementMap":{"1":{"start":{"line":15,"column":0},"end":{"line":19,"column":2}}},"branchMap":{},"code":["// Convenience main entrypoint if you are running with destructuring support:","//","//   import {VelocityComponent, VelocityTransitionGroup} from 'velocity-react';","//","// You can also require just the component(s) you're using:","//","//   var VelocityComponent = require('velocity-react/velocity-component');","//","// Note that if you want to use UI Pack you will need to require 'velocity' and","// 'velocity.ui' at a top level in your app:","//","//   require('velocity');","//   require('velocity-animate/velocity.ui');","","module.exports = {","  VelocityComponent: require('./velocity-component'),","  VelocityTransitionGroup: require('./velocity-transition-group'),","  velocityHelpers: require('./velocity-helpers'),","};",""],"l":{"15":1}},"/home/travis/build/npmtest/node-npmtest-velocity-react/node_modules/velocity-react/velocity-component.js":{"path":"/home/travis/build/npmtest/node-npmtest-velocity-react/node_modules/velocity-react/velocity-component.js","s":{"1":1,"2":1,"3":1,"4":1,"5":1,"6":1,"7":0,"8":0,"9":0,"10":0,"11":0,"12":0,"13":0,"14":0,"15":0,"16":0,"17":0,"18":0,"19":0,"20":0,"21":0,"22":0,"23":0,"24":0,"25":0,"26":0,"27":0,"28":0,"29":0,"30":0,"31":0,"32":0,"33":0,"34":0,"35":0,"36":0,"37":0,"38":0,"39":0,"40":0,"41":1},"b":{"1":[0,0],"2":[0,0],"3":[0,0],"4":[0,0],"5":[0,0],"6":[0,0],"7":[0,0],"8":[0,0],"9":[0,0],"10":[0,0],"11":[0,0]},"f":{"1":1,"2":0,"3":0,"4":0,"5":0,"6":0,"7":0,"8":0,"9":0,"10":0,"11":0},"fnMap":{"1":{"name":"(anonymous_1)","line":57,"loc":{"start":{"line":57,"column":19},"end":{"line":57,"column":31}}},"2":{"name":"(anonymous_2)","line":65,"loc":{"start":{"line":65,"column":21},"end":{"line":65,"column":33}}},"3":{"name":"(anonymous_3)","line":75,"loc":{"start":{"line":75,"column":23},"end":{"line":75,"column":53}}},"4":{"name":"(anonymous_4)","line":82,"loc":{"start":{"line":82,"column":24},"end":{"line":82,"column":36}}},"5":{"name":"(anonymous_5)","line":90,"loc":{"start":{"line":90,"column":16},"end":{"line":90,"column":34}}},"6":{"name":"(anonymous_6)","line":113,"loc":{"start":{"line":113,"column":22},"end":{"line":113,"column":34}}},"7":{"name":"(anonymous_7)","line":127,"loc":{"start":{"line":127,"column":17},"end":{"line":127,"column":29}}},"8":{"name":"(anonymous_8)","line":139,"loc":{"start":{"line":139,"column":20},"end":{"line":139,"column":32}}},"9":{"name":"(anonymous_9)","line":143,"loc":{"start":{"line":143,"column":18},"end":{"line":143,"column":30}}},"10":{"name":"(anonymous_10)","line":150,"loc":{"start":{"line":150,"column":23},"end":{"line":150,"column":41}}},"11":{"name":"(anonymous_11)","line":162,"loc":{"start":{"line":162,"column":10},"end":{"line":162,"column":22}}}},"statementMap":{"1":{"start":{"line":36,"column":0},"end":{"line":41,"column":2}},"2":{"start":{"line":42,"column":0},"end":{"line":42,"column":29}},"3":{"start":{"line":43,"column":0},"end":{"line":43,"column":36}},"4":{"start":{"line":44,"column":0},"end":{"line":44,"column":54}},"5":{"start":{"line":46,"column":0},"end":{"line":165,"column":3}},"6":{"start":{"line":58,"column":4},"end":{"line":62,"column":5}},"7":{"start":{"line":66,"column":4},"end":{"line":66,"column":24}},"8":{"start":{"line":70,"column":4},"end":{"line":72,"column":5}},"9":{"start":{"line":71,"column":6},"end":{"line":71,"column":30}},"10":{"start":{"line":76,"column":4},"end":{"line":79,"column":5}},"11":{"start":{"line":77,"column":6},"end":{"line":77,"column":28}},"12":{"start":{"line":78,"column":6},"end":{"line":78,"column":32}},"13":{"start":{"line":83,"column":4},"end":{"line":83,"column":26}},"14":{"start":{"line":84,"column":4},"end":{"line":84,"column":51}},"15":{"start":{"line":91,"column":4},"end":{"line":91,"column":26}},"16":{"start":{"line":93,"column":4},"end":{"line":93,"column":37}},"17":{"start":{"line":95,"column":4},"end":{"line":97,"column":5}},"18":{"start":{"line":96,"column":6},"end":{"line":96,"column":13}},"19":{"start":{"line":99,"column":4},"end":{"line":103,"column":5}},"20":{"start":{"line":100,"column":6},"end":{"line":100,"column":51}},"21":{"start":{"line":101,"column":11},"end":{"line":103,"column":5}},"22":{"start":{"line":102,"column":6},"end":{"line":102,"column":56}},"23":{"start":{"line":106,"column":4},"end":{"line":106,"column":70}},"24":{"start":{"line":107,"column":4},"end":{"line":107,"column":63}},"25":{"start":{"line":114,"column":4},"end":{"line":116,"column":5}},"26":{"start":{"line":115,"column":6},"end":{"line":115,"column":13}},"27":{"start":{"line":118,"column":4},"end":{"line":118,"column":36}},"28":{"start":{"line":119,"column":4},"end":{"line":119,"column":37}},"29":{"start":{"line":128,"column":4},"end":{"line":128,"column":42}},"30":{"start":{"line":130,"column":4},"end":{"line":136,"column":5}},"31":{"start":{"line":131,"column":6},"end":{"line":131,"column":27}},"32":{"start":{"line":132,"column":11},"end":{"line":136,"column":5}},"33":{"start":{"line":133,"column":6},"end":{"line":133,"column":67}},"34":{"start":{"line":135,"column":6},"end":{"line":135,"column":18}},"35":{"start":{"line":140,"column":4},"end":{"line":140,"column":54}},"36":{"start":{"line":144,"column":4},"end":{"line":144,"column":49}},"37":{"start":{"line":151,"column":4},"end":{"line":155,"column":5}},"38":{"start":{"line":152,"column":6},"end":{"line":152,"column":49}},"39":{"start":{"line":154,"column":6},"end":{"line":154,"column":69}},"40":{"start":{"line":163,"column":4},"end":{"line":163,"column":31}},"41":{"start":{"line":167,"column":0},"end":{"line":167,"column":35}}},"branchMap":{"1":{"line":70,"type":"if","locations":[{"start":{"line":70,"column":4},"end":{"line":70,"column":4}},{"start":{"line":70,"column":4},"end":{"line":70,"column":4}}]},"2":{"line":76,"type":"if","locations":[{"start":{"line":76,"column":4},"end":{"line":76,"column":4}},{"start":{"line":76,"column":4},"end":{"line":76,"column":4}}]},"3":{"line":91,"type":"binary-expr","locations":[{"start":{"line":91,"column":13},"end":{"line":91,"column":19}},{"start":{"line":91,"column":23},"end":{"line":91,"column":25}}]},"4":{"line":95,"type":"if","locations":[{"start":{"line":95,"column":4},"end":{"line":95,"column":4}},{"start":{"line":95,"column":4},"end":{"line":95,"column":4}}]},"5":{"line":95,"type":"binary-expr","locations":[{"start":{"line":95,"column":8},"end":{"line":95,"column":25}},{"start":{"line":95,"column":29},"end":{"line":95,"column":57}}]},"6":{"line":99,"type":"if","locations":[{"start":{"line":99,"column":4},"end":{"line":99,"column":4}},{"start":{"line":99,"column":4},"end":{"line":99,"column":4}}]},"7":{"line":101,"type":"if","locations":[{"start":{"line":101,"column":11},"end":{"line":101,"column":11}},{"start":{"line":101,"column":11},"end":{"line":101,"column":11}}]},"8":{"line":114,"type":"if","locations":[{"start":{"line":114,"column":4},"end":{"line":114,"column":4}},{"start":{"line":114,"column":4},"end":{"line":114,"column":4}}]},"9":{"line":130,"type":"if","locations":[{"start":{"line":130,"column":4},"end":{"line":130,"column":4}},{"start":{"line":130,"column":4},"end":{"line":130,"column":4}}]},"10":{"line":132,"type":"if","locations":[{"start":{"line":132,"column":11},"end":{"line":132,"column":11}},{"start":{"line":132,"column":11},"end":{"line":132,"column":11}}]},"11":{"line":151,"type":"if","locations":[{"start":{"line":151,"column":4},"end":{"line":151,"column":4}},{"start":{"line":151,"column":4},"end":{"line":151,"column":4}}]}},"code":["/*","Copyright (c) 2015 Twitter, Inc. and other contributors","","Component to add Velocity animations to one or more children. Wraps a single child without adding","additional DOM nodes.","","The API attempts to be as declarative as possible. A single animation property declares what","animation the child should have. If that property changes, this component applies the new animation","to the child on the next tick.","","By default, the animation is not run when the component is mounted. Instead, Velocity's \"finish\"","command is used to jump to the animation's end state. For a component that animates out of and","back in to a default state, this allows the parent to specify the \"animate into\" animation as","the default, and therefore not have to distinguish between the initial state and the state to","return to after animating away.","","Properties:"," animation: Either an animation key or hash defining the animation. See Velocity's documentation","   for what this can be. (It is passed to Velocity exactly.)"," runOnMount: If true, runs the animation even when the component is first mounted."," targetQuerySelector: By default, this component's single child is animated. If targetQuerySelector","   is provided, it is used to select descendants to apply the animation to. Use with caution, only","   when you're confident that React's reconciliation will preserve these nodes during animation.","   Also note querySelectorAll's silly behavior w.r.t. pruning results when being called on a node.","   A special value of \"children\" will use the direct children of the node, since there isn't a","   great way to specify that to querySelectorAll.","","Unrecognized properties are passed as options to Velocity (e.g. \"duration\", \"delay\", \"loop\").","","Methods:"," runAnimation: Triggers the animation immediately. Useful for when you want an animation that","   corresponds to an event but not a particular model state change (e.g. a \"bump\" when a click","   occurs).","*/","","var _ = {","  forEach: require('lodash/collection/forEach'),","  isEqual: require('lodash/lang/isEqual'),","  keys: require('lodash/object/keys'),","  omit: require('lodash/object/omit'),","};","var React = require('react');","var ReactDOM = require('react-dom');","var Velocity = require('./lib/velocity-animate-shim');","","var VelocityComponent = React.createClass({","  displayName: 'VelocityComponent',","","  propTypes: {","    animation: React.PropTypes.any,","    children: React.PropTypes.element.isRequired,","    runOnMount: React.PropTypes.bool,","    targetQuerySelector: React.PropTypes.string,","    // Any additional properties will be sent as options to Velocity","  },","","  getDefaultProps: function () {","    return {","      animation: null,","      runOnMount: false,","      targetQuerySelector: null,","    }","  },","","  componentDidMount: function () {","    this.runAnimation();","","    // Jump to the end so that the component has the visual appearance of the animation having","    // been run to completion.","    if (this.props.runOnMount !== true) {","      this._finishAnimation();","    }","  },","","  componentWillUpdate: function (newProps, newState) {","    if (!_.isEqual(newProps.animation, this.props.animation)) {","      this._stopAnimation();","      this._scheduleAnimation();","    }","  },","","  componentWillUnmount: function () {","    this._stopAnimation();","    this._clearVelocityCache(this._getDOMTarget());","  },","","  // It's ok to call this externally! By default the animation will be queued up. Pass stop: true in","  // to stop the current animation before running. Pass finish: true to finish the current animation","  // before running.","  runAnimation: function (config) {","    config = config || {};","","    this._shouldRunAnimation = false;","","    if (!this.isMounted() || this.props.animation == null) {","      return;","    }","","    if (config.stop) {","      Velocity(this._getDOMTarget(), 'stop', true);","    } else if (config.finish) {","      Velocity(this._getDOMTarget(), 'finishAll', true);","    }","","    // Delegate all props except for the ones that we have specified as our own via propTypes.","    var opts = _.omit(this.props, _.keys(this.constructor.propTypes));","    Velocity(this._getDOMTarget(), this.props.animation, opts);","  },","","  // We trigger animations on a new tick because of a Velocity bug where adding a","  // multi-step animation from within a complete callback causes the first 2 animations to run","  // simultaneously.","  _scheduleAnimation: function () {","    if (this._shouldRunAnimation) {","      return;","    }","","    this._shouldRunAnimation = true;","    setTimeout(this.runAnimation, 0);","  },","","  // Returns one or more DOM nodes to apply the animation to. This is checked every time we start","  // or stop an animation, which means that if an animation is proceeding but the element is removed","  // from the page, it will run its course rather than ever being stopped. (We go this route","  // because of difficulty in tracking what animations are currently being animated, due to both","  // chained animations and the need to be able to \"stop\" an animation before it begins.)","  _getDOMTarget: function () {","    var node = ReactDOM.findDOMNode(this);","","    if (this.props.targetQuerySelector === 'children') {","      return node.children;","    } else if (this.props.targetQuerySelector != null) {","      return node.querySelectorAll(this.props.targetQuerySelector);","    } else {","      return node;","    }","  },","","  _finishAnimation: function () {","    Velocity(this._getDOMTarget(), 'finishAll', true);","  },","","  _stopAnimation: function () {","    Velocity(this._getDOMTarget(), 'stop', true);","  },","","  // Velocity keeps extensive caches for all animated elements to minimize layout thrashing.","  // This can cause a serious memory leak, keeping references to unmounted elements as well","  // completion handlers and associated react objects. This crudely clears these references.","  _clearVelocityCache: function (target) {","    if (target.length) {","      _.forEach(target, this._clearVelocityCache)","    } else {","      Velocity.Utilities.removeData(target, ['velocity', 'fxqueue']);","    }","  },","","  // This component does not include any DOM footprint of its own, so instead we return our","  // child out of render(). (Render must only return a single element, which restricts us to","  // one child. If you want to animate multiple children, provide your own wrapper element and","  // use the \"targetQuerySelector\" prop to target its children.)","  render: function () {","    return this.props.children;","  }","});","","module.exports = VelocityComponent;",""],"l":{"36":1,"42":1,"43":1,"44":1,"46":1,"58":1,"66":0,"70":0,"71":0,"76":0,"77":0,"78":0,"83":0,"84":0,"91":0,"93":0,"95":0,"96":0,"99":0,"100":0,"101":0,"102":0,"106":0,"107":0,"114":0,"115":0,"118":0,"119":0,"128":0,"130":0,"131":0,"132":0,"133":0,"135":0,"140":0,"144":0,"151":0,"152":0,"154":0,"163":0,"167":1}},"/home/travis/build/npmtest/node-npmtest-velocity-react/node_modules/velocity-react/lib/velocity-animate-shim.js":{"path":"/home/travis/build/npmtest/node-npmtest-velocity-react/node_modules/velocity-react/lib/velocity-animate-shim.js","s":{"1":1,"2":1,"3":1,"4":1,"5":1,"6":1,"7":0,"8":0},"b":{"1":[1,0],"2":[1,0,0,0],"3":[0,0,0],"4":[0,0]},"f":{"1":0,"2":0},"fnMap":{"1":{"name":"(anonymous_1)","line":13,"loc":{"start":{"line":13,"column":17},"end":{"line":13,"column":28}}},"2":{"name":"(anonymous_2)","line":15,"loc":{"start":{"line":15,"column":34},"end":{"line":15,"column":45}}}},"statementMap":{"1":{"start":{"line":11,"column":0},"end":{"line":26,"column":1}},"2":{"start":{"line":13,"column":2},"end":{"line":13,"column":31}},"3":{"start":{"line":14,"column":2},"end":{"line":14,"column":26}},"4":{"start":{"line":15,"column":2},"end":{"line":15,"column":48}},"5":{"start":{"line":16,"column":2},"end":{"line":16,"column":42}},"6":{"start":{"line":17,"column":2},"end":{"line":17,"column":28}},"7":{"start":{"line":21,"column":2},"end":{"line":21,"column":52}},"8":{"start":{"line":24,"column":2},"end":{"line":24,"column":73}}},"branchMap":{"1":{"line":11,"type":"if","locations":[{"start":{"line":11,"column":0},"end":{"line":11,"column":0}},{"start":{"line":11,"column":0},"end":{"line":11,"column":0}}]},"2":{"line":11,"type":"binary-expr","locations":[{"start":{"line":11,"column":4},"end":{"line":11,"column":33}},{"start":{"line":11,"column":37},"end":{"line":11,"column":69}},{"start":{"line":11,"column":73},"end":{"line":11,"column":118}},{"start":{"line":11,"column":122},"end":{"line":11,"column":165}}]},"3":{"line":21,"type":"binary-expr","locations":[{"start":{"line":21,"column":11},"end":{"line":21,"column":24}},{"start":{"line":21,"column":28},"end":{"line":21,"column":40}},{"start":{"line":21,"column":44},"end":{"line":21,"column":50}}]},"4":{"line":24,"type":"cond-expr","locations":[{"start":{"line":24,"column":32},"end":{"line":24,"column":42}},{"start":{"line":24,"column":45},"end":{"line":24,"column":72}}]}},"code":["// Shim to avoid requiring Velocity in Node environments, since it","// requires window. Note that this just no-ops the components so","// that they'll render, rather than doing something clever like","// statically rendering the end state of any provided animations.","//","// TODO(finneganh): Circle back on jsdom to see if we can run full","// Velocity with it in place. This come up in:","// https://github.com/twitter-fabric/velocity-react/issues/119","// but there may have been different loading issues in that case,","// not a global incompatibility with jsdom.","if (typeof window === 'undefined' || typeof navigator === 'undefined' || navigator.userAgent.indexOf(\"Node.js\") !== -1 || navigator.userAgent.indexOf(\"jsdom\") !== -1) {","","  var Velocity = function() {};","  Velocity.Utilities = {};","  Velocity.Utilities.removeData = function() {};","  Velocity.velocityReactServerShim = true;","  module.exports = Velocity;","","} else {","  // this is how velocity-ui finds the Velocity instance, so lets make sure we find the right instance","  var g = (window.jQuery || window.Zepto || window);","","  // require Velocity if it doesn't already exist","  module.exports = g.Velocity ? g.Velocity : require('velocity-animate');","","}",""],"l":{"11":1,"13":1,"14":1,"15":1,"16":1,"17":1,"21":0,"24":0}},"/home/travis/build/npmtest/node-npmtest-velocity-react/node_modules/velocity-react/velocity-transition-group.js":{"path":"/home/travis/build/npmtest/node-npmtest-velocity-react/node_modules/velocity-react/velocity-transition-group.js","s":{"1":1,"2":1,"3":1,"4":1,"5":1,"6":1,"7":0,"8":1,"9":1,"10":0,"11":0,"12":0,"13":0,"14":0,"15":1,"16":1,"17":0,"18":0,"19":0,"20":0,"21":0,"22":0,"23":0,"24":0,"25":0,"26":0,"27":0,"28":0,"29":0,"30":0,"31":0,"32":0,"33":0,"34":0,"35":0,"36":0,"37":0,"38":0,"39":0,"40":0,"41":0,"42":0,"43":0,"44":0,"45":0,"46":0,"47":0,"48":0,"49":0,"50":0,"51":0,"52":0,"53":0,"54":0,"55":0,"56":0,"57":0,"58":0,"59":0,"60":0,"61":0,"62":0,"63":0,"64":0,"65":0,"66":0,"67":0,"68":0,"69":0,"70":0,"71":0,"72":0,"73":0,"74":0,"75":0,"76":0,"77":0,"78":0,"79":0,"80":0,"81":0,"82":0,"83":0,"84":0,"85":0,"86":0,"87":0,"88":0,"89":0,"90":0,"91":0,"92":0,"93":0,"94":0,"95":0,"96":0,"97":0,"98":0,"99":0,"100":0,"101":0,"102":0,"103":0,"104":0,"105":0,"106":0,"107":0,"108":0,"109":0,"110":0,"111":1},"b":{"1":[1,0,0,0,0],"2":[1,0],"3":[0,0],"4":[0,0],"5":[0,0],"6":[0,0],"7":[0,0],"8":[0,0],"9":[0,0],"10":[0,0],"11":[0,0],"12":[0,0],"13":[0,0],"14":[0,0],"15":[0,0],"16":[0,0],"17":[0,0],"18":[0,0],"19":[0,0],"20":[0,0],"21":[0,0],"22":[0,0],"23":[0,0],"24":[0,0],"25":[0,0],"26":[0,0],"27":[0,0],"28":[0,0],"29":[0,0]},"f":{"1":0,"2":0,"3":0,"4":0,"5":0,"6":0,"7":1,"8":0,"9":0,"10":0,"11":0,"12":0,"13":0,"14":0,"15":0,"16":0,"17":0,"18":0,"19":0,"20":0,"21":0,"22":0,"23":0,"24":0,"25":0,"26":0,"27":0,"28":0},"fnMap":{"1":{"name":"(anonymous_1)","line":63,"loc":{"start":{"line":63,"column":4},"end":{"line":63,"column":23}}},"2":{"name":"(anonymous_2)","line":81,"loc":{"start":{"line":81,"column":23},"end":{"line":81,"column":41}}},"3":{"name":"(anonymous_3)","line":85,"loc":{"start":{"line":85,"column":22},"end":{"line":85,"column":40}}},"4":{"name":"(anonymous_4)","line":89,"loc":{"start":{"line":89,"column":22},"end":{"line":89,"column":40}}},"5":{"name":"(anonymous_5)","line":93,"loc":{"start":{"line":93,"column":24},"end":{"line":93,"column":36}}},"6":{"name":"(anonymous_6)","line":98,"loc":{"start":{"line":98,"column":10},"end":{"line":98,"column":22}}},"7":{"name":"(anonymous_7)","line":119,"loc":{"start":{"line":119,"column":19},"end":{"line":119,"column":30}}},"8":{"name":"(anonymous_8)","line":133,"loc":{"start":{"line":133,"column":22},"end":{"line":133,"column":34}}},"9":{"name":"(anonymous_9)","line":139,"loc":{"start":{"line":139,"column":24},"end":{"line":139,"column":36}}},"10":{"name":"(anonymous_10)","line":144,"loc":{"start":{"line":144,"column":10},"end":{"line":144,"column":22}}},"11":{"name":"(anonymous_11)","line":157,"loc":{"start":{"line":157,"column":19},"end":{"line":157,"column":43}}},"12":{"name":"(anonymous_12)","line":170,"loc":{"start":{"line":170,"column":24},"end":{"line":170,"column":36}}},"13":{"name":"(anonymous_13)","line":178,"loc":{"start":{"line":178,"column":18},"end":{"line":178,"column":42}}},"14":{"name":"(anonymous_14)","line":190,"loc":{"start":{"line":190,"column":41},"end":{"line":190,"column":61}}},"15":{"name":"(anonymous_15)","line":202,"loc":{"start":{"line":202,"column":18},"end":{"line":202,"column":42}}},"16":{"name":"(anonymous_16)","line":219,"loc":{"start":{"line":219,"column":26},"end":{"line":219,"column":59}}},"17":{"name":"(anonymous_17)","line":231,"loc":{"start":{"line":231,"column":13},"end":{"line":231,"column":25}}},"18":{"name":"(anonymous_18)","line":243,"loc":{"start":{"line":243,"column":18},"end":{"line":243,"column":30}}},"19":{"name":"(anonymous_19)","line":255,"loc":{"start":{"line":255,"column":23},"end":{"line":255,"column":48}}},"20":{"name":"(anonymous_20)","line":275,"loc":{"start":{"line":275,"column":17},"end":{"line":275,"column":59}}},"21":{"name":"(anonymous_21)","line":308,"loc":{"start":{"line":308,"column":20},"end":{"line":308,"column":42}}},"22":{"name":"(anonymous_22)","line":314,"loc":{"start":{"line":314,"column":17},"end":{"line":314,"column":29}}},"23":{"name":"(anonymous_23)","line":319,"loc":{"start":{"line":319,"column":18},"end":{"line":319,"column":36}}},"24":{"name":"(anonymous_24)","line":337,"loc":{"start":{"line":337,"column":27},"end":{"line":337,"column":39}}},"25":{"name":"(anonymous_25)","line":350,"loc":{"start":{"line":350,"column":30},"end":{"line":350,"column":42}}},"26":{"name":"(anonymous_26)","line":357,"loc":{"start":{"line":357,"column":20},"end":{"line":357,"column":65}}},"27":{"name":"(anonymous_27)","line":364,"loc":{"start":{"line":364,"column":20},"end":{"line":364,"column":42}}},"28":{"name":"(anonymous_28)","line":378,"loc":{"start":{"line":378,"column":14},"end":{"line":378,"column":31}}}},"statementMap":{"1":{"start":{"line":43,"column":0},"end":{"line":51,"column":2}},"2":{"start":{"line":52,"column":0},"end":{"line":52,"column":29}},"3":{"start":{"line":53,"column":0},"end":{"line":53,"column":36}},"4":{"start":{"line":54,"column":0},"end":{"line":54,"column":68}},"5":{"start":{"line":55,"column":0},"end":{"line":55,"column":54}},"6":{"start":{"line":58,"column":0},"end":{"line":64,"column":4}},"7":{"start":{"line":63,"column":25},"end":{"line":63,"column":56}},"8":{"start":{"line":67,"column":0},"end":{"line":67,"column":103}},"9":{"start":{"line":71,"column":0},"end":{"line":101,"column":3}},"10":{"start":{"line":82,"column":4},"end":{"line":82,"column":66}},"11":{"start":{"line":86,"column":4},"end":{"line":86,"column":65}},"12":{"start":{"line":90,"column":4},"end":{"line":90,"column":65}},"13":{"start":{"line":95,"column":4},"end":{"line":95,"column":87}},"14":{"start":{"line":99,"column":4},"end":{"line":99,"column":52}},"15":{"start":{"line":103,"column":0},"end":{"line":385,"column":3}},"16":{"start":{"line":120,"column":4},"end":{"line":130,"column":6}},"17":{"start":{"line":134,"column":4},"end":{"line":134,"column":28}},"18":{"start":{"line":135,"column":4},"end":{"line":135,"column":24}},"19":{"start":{"line":136,"column":4},"end":{"line":136,"column":23}},"20":{"start":{"line":140,"column":4},"end":{"line":140,"column":24}},"21":{"start":{"line":141,"column":4},"end":{"line":141,"column":23}},"22":{"start":{"line":146,"column":4},"end":{"line":146,"column":86}},"23":{"start":{"line":150,"column":4},"end":{"line":152,"column":5}},"24":{"start":{"line":151,"column":6},"end":{"line":151,"column":58}},"25":{"start":{"line":154,"column":4},"end":{"line":154,"column":96}},"26":{"start":{"line":158,"column":4},"end":{"line":175,"column":5}},"27":{"start":{"line":159,"column":6},"end":{"line":159,"column":40}},"28":{"start":{"line":161,"column":6},"end":{"line":161,"column":52}},"29":{"start":{"line":169,"column":6},"end":{"line":169,"column":22}},"30":{"start":{"line":170,"column":6},"end":{"line":174,"column":12}},"31":{"start":{"line":171,"column":8},"end":{"line":173,"column":9}},"32":{"start":{"line":172,"column":10},"end":{"line":172,"column":19}},"33":{"start":{"line":179,"column":4},"end":{"line":179,"column":70}},"34":{"start":{"line":179,"column":63},"end":{"line":179,"column":70}},"35":{"start":{"line":186,"column":4},"end":{"line":186,"column":91}},"36":{"start":{"line":190,"column":4},"end":{"line":192,"column":7}},"37":{"start":{"line":191,"column":6},"end":{"line":191,"column":52}},"38":{"start":{"line":194,"column":4},"end":{"line":197,"column":7}},"39":{"start":{"line":199,"column":4},"end":{"line":199,"column":21}},"40":{"start":{"line":203,"column":4},"end":{"line":203,"column":70}},"41":{"start":{"line":203,"column":63},"end":{"line":203,"column":70}},"42":{"start":{"line":205,"column":4},"end":{"line":208,"column":7}},"43":{"start":{"line":210,"column":4},"end":{"line":210,"column":21}},"44":{"start":{"line":220,"column":4},"end":{"line":228,"column":5}},"45":{"start":{"line":221,"column":6},"end":{"line":223,"column":7}},"46":{"start":{"line":222,"column":8},"end":{"line":222,"column":17}},"47":{"start":{"line":225,"column":6},"end":{"line":225,"column":18}},"48":{"start":{"line":227,"column":6},"end":{"line":227,"column":19}},"49":{"start":{"line":232,"column":4},"end":{"line":234,"column":5}},"50":{"start":{"line":233,"column":6},"end":{"line":233,"column":13}},"51":{"start":{"line":236,"column":4},"end":{"line":236,"column":27}},"52":{"start":{"line":240,"column":4},"end":{"line":240,"column":51}},"53":{"start":{"line":244,"column":4},"end":{"line":244,"column":28}},"54":{"start":{"line":246,"column":4},"end":{"line":246,"column":63}},"55":{"start":{"line":247,"column":4},"end":{"line":247,"column":63}},"56":{"start":{"line":249,"column":4},"end":{"line":249,"column":24}},"57":{"start":{"line":250,"column":4},"end":{"line":250,"column":23}},"58":{"start":{"line":256,"column":4},"end":{"line":256,"column":31}},"59":{"start":{"line":258,"column":4},"end":{"line":266,"column":5}},"60":{"start":{"line":259,"column":6},"end":{"line":259,"column":32}},"61":{"start":{"line":260,"column":6},"end":{"line":260,"column":19}},"62":{"start":{"line":261,"column":6},"end":{"line":261,"column":16}},"63":{"start":{"line":263,"column":6},"end":{"line":263,"column":75}},"64":{"start":{"line":264,"column":6},"end":{"line":264,"column":67}},"65":{"start":{"line":265,"column":6},"end":{"line":265,"column":57}},"66":{"start":{"line":268,"column":4},"end":{"line":272,"column":6}},"67":{"start":{"line":276,"column":4},"end":{"line":278,"column":5}},"68":{"start":{"line":277,"column":6},"end":{"line":277,"column":13}},"69":{"start":{"line":280,"column":4},"end":{"line":280,"column":39}},"70":{"start":{"line":281,"column":4},"end":{"line":281,"column":43}},"71":{"start":{"line":283,"column":4},"end":{"line":283,"column":66}},"72":{"start":{"line":284,"column":4},"end":{"line":284,"column":46}},"73":{"start":{"line":285,"column":4},"end":{"line":285,"column":38}},"74":{"start":{"line":286,"column":4},"end":{"line":286,"column":36}},"75":{"start":{"line":296,"column":4},"end":{"line":301,"column":5}},"76":{"start":{"line":297,"column":6},"end":{"line":300,"column":7}},"77":{"start":{"line":299,"column":8},"end":{"line":299,"column":63}},"78":{"start":{"line":307,"column":4},"end":{"line":311,"column":5}},"79":{"start":{"line":308,"column":6},"end":{"line":310,"column":9}},"80":{"start":{"line":309,"column":8},"end":{"line":309,"column":41}},"81":{"start":{"line":313,"column":4},"end":{"line":313,"column":20}},"82":{"start":{"line":314,"column":4},"end":{"line":320,"column":6}},"83":{"start":{"line":315,"column":6},"end":{"line":317,"column":7}},"84":{"start":{"line":316,"column":8},"end":{"line":316,"column":15}},"85":{"start":{"line":319,"column":6},"end":{"line":319,"column":51}},"86":{"start":{"line":319,"column":38},"end":{"line":319,"column":47}},"87":{"start":{"line":327,"column":4},"end":{"line":332,"column":5}},"88":{"start":{"line":328,"column":6},"end":{"line":328,"column":15}},"89":{"start":{"line":329,"column":6},"end":{"line":329,"column":20}},"90":{"start":{"line":331,"column":6},"end":{"line":331,"column":30}},"91":{"start":{"line":334,"column":4},"end":{"line":334,"column":27}},"92":{"start":{"line":335,"column":4},"end":{"line":345,"column":5}},"93":{"start":{"line":336,"column":6},"end":{"line":336,"column":41}},"94":{"start":{"line":337,"column":6},"end":{"line":341,"column":8}},"95":{"start":{"line":338,"column":8},"end":{"line":338,"column":17}},"96":{"start":{"line":340,"column":8},"end":{"line":340,"column":46}},"97":{"start":{"line":344,"column":6},"end":{"line":344,"column":51}},"98":{"start":{"line":350,"column":4},"end":{"line":354,"column":7}},"99":{"start":{"line":351,"column":6},"end":{"line":353,"column":10}},"100":{"start":{"line":358,"column":4
[...]
":369,"column":4}}]}},"code":["/*","Copyright (c) 2015 Twitter, Inc. and other contributors","","Component to add Velocity animations around React transitions. Delegates to the React TransitionGroup","addon.","","Properties","  enter: Animation to run on a child component being added","  leave: Animation to run on a child component leaving","  runOnMount: if true, runs the \"enter\" animation on the elements that exist as children when this","    component is mounted.","  enterHideStyle/enterShowStyle: see below.","","Any additional properties (e.g. \"className\", \"component\") will be passed to the internal","TransitionGroup.","","\"enter\" and \"leave\" should either be a string naming an animation, or a hash with an","\"animation\" key that can either be a string itself, or a hash of style attributes to animate (this","value is passed to Velocity its the first arg).","","If \"enter\" or \"leave\" is a hash, it can additionally have a \"style\" value that is applied the tick","before the Velocity animation starts. Use this for non-animating properties (like \"position\") that","are prerequisites for correct animation. The style value is applied using Velocity's JS -> CSS","routines, which may differ from React's.","","Any hash entries beyond \"animation\" and \"style\" are passed in an options hash to Velocity. Use this","for options like \"stagger\", \"reverse\", &tc.","","By default, this component will immediately hide all entering children with display: 'none', and","unhide them one tick later with display: ''. This is done so that we can coalesce multiple enters","into a single animation, and we want to avoid any popping of elements in while they're collected. If","you prefer a different way of hiding these elements so that e.g. geometry can be immediately","calculated, use the enterHideStyle and enterShowStyle props to provide alternate style hashes for","hiding and revealing entering elements.","","Statics","  disabledForTest: Set this to true globally to turn off all custom animation logic. Instead, this","    component will behave like a vanilla TransitionGroup.","","Inspired by https://gist.github.com/tkafka/0d94c6ec94297bb67091","*/","","var _ = {","  each: require('lodash/collection/each'),","  extend: require('lodash/object/extend'),","  forEach: require('lodash/collection/forEach'),","  isEqual: require('lodash/lang/isEqual'),","  keys: require('lodash/object/keys'),","  omit: require('lodash/object/omit'),","  pluck: require('lodash/collection/pluck'),","};","var React = require('react');","var ReactDOM = require('react-dom');","var ReactTransitionGroup = require('react-addons-transition-group');","var Velocity = require('./lib/velocity-animate-shim');","","// Shim requestAnimationFrame for browsers that don't support it, in particular IE 9.","var shimRequestAnimationFrame =","  (typeof window !== 'undefined') && (","    window.requestAnimationFrame ||","    window.webkitRequestAnimationFrame ||","    window.mozRequestAnimationFrame ||","    function(callback) { window.setTimeout(callback, 0) }","  );","","// Fix 'Invalid calling object' error in IE","shimRequestAnimationFrame = (typeof window !== 'undefined') &&  shimRequestAnimationFrame.bind(window);","","// Internal wrapper for the transitioned elements. Delegates all child lifecycle events to the","// parent VelocityTransitionGroup so that it can co-ordinate animating all of the elements at once.","var VelocityTransitionGroupChild = React.createClass({","  displayName: 'VelocityTransitionGroupChild',","","  propTypes: {","    children: React.PropTypes.element.isRequired,","    willAppearFunc: React.PropTypes.func.isRequired,","    willEnterFunc: React.PropTypes.func.isRequired,","    willLeaveFunc: React.PropTypes.func.isRequired,","  },","","  componentWillAppear: function (doneFn) {","    this.props.willAppearFunc(ReactDOM.findDOMNode(this), doneFn);","  },","","  componentWillEnter: function (doneFn) {","    this.props.willEnterFunc(ReactDOM.findDOMNode(this), doneFn);","  },","","  componentWillLeave: function (doneFn) {","    this.props.willLeaveFunc(ReactDOM.findDOMNode(this), doneFn);","  },","","  componentWillUnmount: function () {","    // Clear references from velocity cache.","    Velocity.Utilities.removeData(ReactDOM.findDOMNode(this), ['velocity', 'fxqueue']);","  },","","  render: function () {","    return React.Children.only(this.props.children);","  },","});","","var VelocityTransitionGroup = React.createClass({","  displayName: 'VelocityTransitionGroup',","","  statics: {","    disabledForTest: false, // global, mutable, for disabling animations during test","  },","","  propTypes: {","    runOnMount: React.PropTypes.bool,","    enter: React.PropTypes.any,","    leave: React.PropTypes.any,","    children: React.PropTypes.any,","    enterHideStyle: React.PropTypes.object,","    enterShowStyle: React.PropTypes.object,","  },","","  getDefaultProps: function() {","    return {","      runOnMount: false,","      enter: null,","      leave: null,","      enterHideStyle: {","        display: 'none',","      },","      enterShowStyle: {","        display: '',","      },","    };","  },","","  componentWillMount: function () {","    this._scheduled = false;","    this._entering = [];","    this._leaving = [];","  },","","  componentWillUnmount: function () {","    this._entering = [];","    this._leaving = [];","  },","","  render: function () {","    // Pass any props that are not our own on into the TransitionGroup delegate.","    var transitionGroupProps = _.omit(this.props, _.keys(this.constructor.propTypes));","","    // Without our custom childFactory, we just get a default TransitionGroup that doesn't do","    // anything special at all.","    if (!this.constructor.disabledForTest && !Velocity.velocityReactServerShim) {","      transitionGroupProps.childFactory = this._wrapChild;","    }","","    return React.createElement(ReactTransitionGroup, transitionGroupProps, this.props.children);","  },","","  childWillAppear: function (node, doneFn) {","    if (this.props.runOnMount) {","      this.childWillEnter(node, doneFn);","    } else {","      this._finishAnimation(node, this.props.enter);","","      // Important to tick over so that any callbacks due to finishing the animation complete first.","      // isMounted check necessary to avoid exception in tests, which can mount and unmount a","      // component before this runs over, as the \"doneFn\" callback does a ref lookup rather than","      // closing over the component.","      //","      // Using setTimeout so that doneFn gets called even when the tab is hidden.","      var self = this;","      window.setTimeout(function () {","        if (self.isMounted()) {","          doneFn();","        }","      }, 0);","    }","  },","","  childWillEnter: function (node, doneFn) {","    if (this._shortCircuitAnimation(this.props.enter, doneFn)) return;","","    // By finishing a \"leave\" on the element, we put it in the right state to be animated in. Useful","    // if \"leave\" includes a rotation or something that we'd like to have as our starting point, for","    // symmetry.","    // We use overrideOpts to prevent any \"begin\" or \"complete\" callback from triggering in this case, since","    // it doesn't make a ton of sense.","    this._finishAnimation(node, this.props.leave, {begin: undefined, complete: undefined});","","    // We're not going to start the animation for a tick, so set the node's display to none (or any","    // custom \"hide\" style provided) so that it doesn't flash in.","    _.forEach(this.props.enterHideStyle, function (val, key) {","      Velocity.CSS.setPropertyValue(node, key, val);","    });","","    this._entering.push({","      node: node,","      doneFn: doneFn,","    });","","    this._schedule();","  },","","  childWillLeave: function (node, doneFn) {","    if (this._shortCircuitAnimation(this.props.leave, doneFn)) return;","","    this._leaving.push({","      node: node,","      doneFn: doneFn,","    });","","    this._schedule();","  },","","  // document.hidden check is there because animation completion callbacks won't fire (due to","  // chaining off of rAF), which would prevent entering / leaving DOM nodes from being cleaned up","  // while the tab is hidden.","  //","  // Returns true if this did short circuit, false if lifecycle methods should continue with","  // their animations.","  _shortCircuitAnimation: function (animationProp, doneFn) {","    if (document.hidden || (this._parseAnimationProp(animationProp).animation == null)) {","      if (this.isMounted()) {","        doneFn();","      }","","      return true;","    } else {","      return false;","    }","  },","","  _schedule: function () {","    if (this._scheduled) {","      return;","    }","","    this._scheduled = true;","","    // Need rAF to make sure we're in the same event queue as Velocity from here out. Important","    // for avoiding getting wrong interleaving with Velocity callbacks.","    shimRequestAnimationFrame(this._runAnimations);","  },","","  _runAnimations: function () {","    this._scheduled = false;","","    this._runAnimation(true, this._entering, this.props.enter);","    this._runAnimation(false, this._leaving, this.props.leave);","","    this._entering = [];","    this._leaving = [];","  },","","  // Used to parse out the 'enter' and 'leave' properties. Handles cases where they are omitted","  // as well as when they are just strings and not hashes of animation and options.","  _parseAnimationProp: function (animationProp) {","    var animation, opts, style;","","    if (typeof animationProp === 'string') {","      animation = animationProp;","      style = null;","      opts = {};","    } else {","      animation = (animationProp != null) ? animationProp.animation : null;","      style = (animationProp != null) ? animationProp.style : null;","      opts = _.omit(animationProp, 'animation', 'style');","    }","","    return {","      animation: animation,","      style: style,","      opts: opts,","    };","  },","","  _runAnimation: function (entering, queue, animationProp) {","    if (!this.isMounted() || queue.length === 0) {","      return;","    }","","    var nodes = _.pluck(queue, 'node');","    var doneFns = _.pluck(queue, 'doneFn');","","    var parsedAnimation = this._parseAnimationProp(animationProp);","    var animation = parsedAnimation.animation;","    var style = parsedAnimation.style;","    var opts = parsedAnimation.opts;","","    // Clearing display reverses the behavior from childWillAppear where all elements are added with","    // display: none to prevent them from flashing in before the animation starts. We don't do this","    // for the fade/slide animations or any animation that ends in \"In,\" since Velocity will handle","    // it for us.","    //","    // If a custom \"enterShowStyle\" prop is passed, (i.e. not one that just reverses display: none)","    // we always run it, regardless of the animation, since it's probably doing something around","    // opacity or positioning that Velocity will not necessarily reset.","    if (entering) {","      if (!_.isEqual(this.props.enterShowStyle, {display: ''})","        || !(/^(fade|slide)/.test(animation) || /In$/.test(animation))) {","        style = _.extend({}, this.props.enterShowStyle, style);","      }","    }","","    // Because Safari can synchronously repaint when CSS \"display\" is reset, we set styles for all","    // browsers before the rAF tick below that starts the animation. This way you know in all","    // cases that you need to support your static styles being visible on the element before","    // the animation begins.","    if (style != null) {","      _.each(style, function (value, key) {","        Velocity.hook(nodes, key, value);","      });","    }","","    var self = this;","    var doneFn = function () {","      if (!self.isMounted()) {","        return;","      }","","      doneFns.map(function (doneFn) { doneFn(); });","    };","","    // For nodes that are entering, we tell the TransitionGroup that we're done with them","    // immediately. That way, they can be removed later before their entering animations complete.","    // If we're leaving, we stop current animations (which may be partially-completed enter","    // animations) so that we can then animate out. Velocity typically makes these transitions","    // very smooth, correctly animating from whatever state the element is currently in.","    if (entering) {","      doneFn();","      doneFn = null;","    } else {","      Velocity(nodes, 'stop');","    }","","    var combinedCompleteFn;","    if (doneFn && opts.complete) {","      var optsCompleteFn = opts.complete;","      combinedCompleteFn = function () {","        doneFn();","        // preserve this / args from Velocity so the complete function has context for what completed","        optsCompleteFn.apply(this, arguments);","      };","    } else {","      // One or the other or neither.","      combinedCompleteFn = doneFn || opts.complete;","    }","","    // Bit of a hack. Without this rAF, sometimes an enter animation doesn't start running, or is","    // stopped before getting anywhere. This should get us on the other side of both completeFn and","    // any _finishAnimation that's happening.","    shimRequestAnimationFrame(function () {","      Velocity(nodes, animation, _.extend({}, opts, {","        complete: combinedCompleteFn,","      }));","    });","  },","","  _finishAnimation: function (node, animationProp, overrideOpts) {","    var parsedAnimation = this._parseAnimationProp(animationProp);","    var animation = parsedAnimation.animation;","    var style = parsedAnimation.style;","    var opts = _.extend({}, parsedAnimation.opts, overrideOpts);","","    if (style != null) {","      _.each(style, function (value, key) {","        Velocity.hook(node, key, value);","      });","    }","","    if (animation != null) {","      // Opts are relevant even though we're immediately finishing, since things like \"display\"","      // can affect the animation outcome.","","      Velocity(node, animation, opts);","      Velocity(node, 'finishAll', true);","    }","  },","","  _wrapChild: function (child) {","    return React.createElement(VelocityTransitionGroupChild, {","      willAppearFunc: this.childWillAppear,","      willEnterFunc: this.childWillEnter,","      willLeaveFunc: this.childWillLeave,","    }, child);","  },","});","","module.exports = VelocityTransitionGroup;",""],"l":{"43":1,"52":1,"53":1,"54":1,"55":1,"58":1,"63":0,"67":1,"71":1,"82":0,"86":0,"90":0,"95":0,"99":0,"103":1,"120":1,"134":0,"135":0,"136":0,"140":0,"141":0,"146":0,"150":0,"151":0,"154":0,"158":0,"159":0,"161":0,"169":0,"170":0,"171":0,"172":0,"179":0,"186":0,"190":0,"191":0,"194":0,"199":0,"203":0,"205":0,"210":0,"220":0,"221":0,"222":0,"225":0,"227":0,"232":0,"233":0,"236":0,"240":0,"244":0,"246":0,"247":0,"249":0,"250":0,"256":0,"258":0,"259":0,"260":0,"261":0,"263":0,"264":0,"265":0,"268":0,"276":0,"277":0,"280":0,"281":0,"283":0,"284":0,"285":0,"286":0,"296":0,"297":0,"299":0,"307":0,"308":0,"309":0,"313":0,"314":0,"315":0,"316":0,"319":0,"327":0,"328":0,"329":0,"331":0,"334":0,"335":0,"336":0,"337":0,"338":0,"340":0,"344":0,"350":0,"351":0,"358":0,"359":0,"360":0,"361":0,"363":0,"364":0,"365":0,"369":0,"373":0,"374":0,"379":0,"387":1}},"/home/travis/build/npmtest/node-npmtest-velocity-react/node_modules/velocity-react/velocity-helpers.js":{"path":"/home/travis/build/npmtest/node-npmtest-velocity-react/node_modules/velocity-react/velocity-helpers.js","s":{"1":1,"2":1,"3":1,"4":1,"5":0,"6":0,"7":0,"8":0,"9":0,"10":0,"11":0,"12":0,"13":0,"14":0,"15":1},"b":{"1":[0,0],"2":[0,0],"3":[0,0]},"f":{"1":0},"fnMap":{"1":{"name":"registerEffect","line":57,"loc":{"start":{"line":57,"column":0},"end":{"line":57,"column":43}}}},"statementMap":{"1":{"start":{"line":3,"column":0},"end":{"line":5,"column":2}},"2":{"start":{"line":6,"column":0},"end":{"line":6,"column":54}},"3":{"start":{"line":8,"column":0},"end":{"line":8,"column":22}},"4":{"start":{"line":57,"column":0},"end":{"line":76,"column":1}},"5":{"start":{"line":58,"column":2},"end":{"line":61,"column":3}},"6":{"start":{"line":59,"column":4},"end":{"line":59,"column":23}},"7":{"start":{"line":60,"column":4},"end":{"line":60,"column":16}},"8":{"start":{"line":63,"column":2},"end":{"line":63,"column":69}},"9":{"start":{"line":66,"column":2},"end":{"line":68,"column":3}},"10":{"start":{"line":67,"column":4},"end":{"line":67,"column":14}},"11":{"start":{"line":70,"column":2},"end":{"line":72,"column":3}},"12":{"start":{"line":71,"column":4},"end":{"line":71,"column":126}},"13":{"start":{"line":74,"column":2},"end":{"line":74,"column":42}},"14":{"start":{"line":75,"column":2},"end":{"line":75,"column":13}},"15":{"start":{"line":78,"column":0},"end":{"line":80,"column":2}}},"branchMap":{"1":{"line":58,"type":"if","locations":[{"start":{"line":58,"column":2},"end":{"line":58,"column":2}},{"start":{"line":58,"column":2},"end":{"line":58,"column":2}}]},"2":{"line":66,"type":"if","locations":[{"start":{"line":66,"column":2},"end":{"line":66,"column":2}},{"start":{"line":66,"column":2},"end":{"line":66,"column":2}}]},"3":{"line":70,"type":"if","locations":[{"start":{"line":70,"column":2},"end":{"line":70,"column":2}},{"start":{"line":70,"column":2},"end":{"line":70,"column":2}}]}},"code":["// Copyright (c) 2015 Twitter, Inc. and other contributors","","var _ = {","  isObject: require('lodash/lang/isObject'),","};","var Velocity = require('./lib/velocity-animate-shim');","","var effectCounter = 0;","","// Takes a Velocity \"UI pack effect\" definition and registers it with a unique key, returning that","// key (to later pass as a value for the \"animation\" property). Takes an optional suffix, which can","// be \"In\" or \"Out\" to modify UI Pack's behavior.","//","// Unlike what you get from passing a style hash to VelocityComponent's \"animation\" property,","// Velocity \"UI pack effects\" can have chained animation calls and specify a \"defaultDuration\", and","// also can take advantage of \"stagger\" and \"reverse\" options on the VelocityComponent.","//","// You will need to manually register the UI Pack with the global Velocity in your application with:","//","//   require('velocity');","//   require('velocity-animate/velocity.ui');","//","// See: http://julian.com/research/velocity/#uiPack","//","// Typical usage:","//","// var Animations = {","//   down: VelocityHelpers.registerEffect({","//     defaultDuration: 1100,","//     calls: [","//       [{","//         transformOriginX: [ '50%', '50%' ],","//         transformOriginY: [ 0, 0 ],","//         rotateX: [0, 'spring'],","//       }, 1, {","//         delay: 100,","//         easing: 'ease-in',","//       }]","//     ],","//   }),","//","//   up: VelocityHelpers.registerEffect({","//     defaultDuration: 200,","//     calls: [","//       [{","//         transformOriginX: [ '50%', '50%' ],","//         transformOriginY: [ 0, 0 ],","//         rotateX: 160,","//       }]","//     ],","//   }),","// };","// ...","// <VelocityComponent animation={this.state.isUp ? Animations.up : Animations.down}>","//   ...","// <Velocity>","function registerEffect(suffix, animation) {","  if (_.isObject(suffix)) {","    animation = suffix;","    suffix = '';    ","  }","","  var key = 'VelocityHelper.animation.' + (effectCounter++) + suffix;","","  // No-op on the server for now.","  if (Velocity.velocityReactServerShim) {","    return key","  }","","  if (Velocity.RegisterEffect === undefined) {","    throw \"Velocity.RegisterEffect not found. You need to require 'velocity-animate/velocity.ui' at a top level for UI Pack.\";","  }","","  Velocity.RegisterEffect(key, animation);","  return key;","}","","module.exports = {","  registerEffect: registerEffect,","};",""],"l":{"3":1,"6":1,"8":1,"57":1,"58":0,"59":0,"60":0,"63":0,"66":0,"67":0,"70":0,"71":0,"74":0,"75":0,"78":1}}}